#
# There is insufficient memory for the Java Runtime Environment to continue.
# Native memory allocation (malloc) failed to allocate 65544 bytes for Chunk::new
# Possible reasons:
#   The system is out of physical RAM or swap space
#   In 32 bit mode, the process size limit was hit
# Possible solutions:
#   Reduce memory load on the system
#   Increase physical memory or swap space
#   Check if swap backing store is full
#   Use 64 bit Java on a 64 bit OS
#   Decrease Java heap size (-Xmx/-Xms)
#   Decrease number of Java threads
#   Decrease Java thread stack sizes (-Xss)
#   Set larger code cache with -XX:ReservedCodeCacheSize=
# This output file may be truncated or incomplete.
#
#  Out of Memory Error (allocation.cpp:317), pid=11860, tid=349793088
#
# JRE version: 6.0_27-b27
# Java VM: OpenJDK Server VM (20.0-b12 mixed mode linux-x86 )
# Derivative: IcedTea6 1.12.3
# Distribution: Ubuntu 12.04 LTS, package 6b27-1.12.3-0ubuntu1~12.04.1

---------------  T H R E A D  ---------------

Current thread (0xb66a2400):  JavaThread "C2 CompilerThread1" daemon [_thread_in_native, id=11873, stack(0x14d16000,0x14d97000)]

Stack: [0x14d16000,0x14d97000]

Current CompileTask:
C2: 256079  85%     com.sun.tools.javac.jvm.ClassWriter.writePool(Lcom/sun/tools/javac/jvm/Pool;)V @ 18 (810 bytes)


---------------  P R O C E S S  ---------------

Java Threads: ( => current thread )
  0x063e9800 JavaThread "process reaper" daemon [_thread_in_native, id=13297, stack(0x0705e000,0x070af000)]
  0x07990c00 JavaThread "resolver-5" daemon [_thread_blocked, id=12350, stack(0x076af000,0x07700000)]
  0x07998400 JavaThread "resolver-4" daemon [_thread_blocked, id=12349, stack(0x0805e000,0x080af000)]
  0x07bff400 JavaThread "resolver-3" daemon [_thread_blocked, id=12348, stack(0x080af000,0x08100000)]
  0x079a7800 JavaThread "resolver-2" daemon [_thread_blocked, id=12347, stack(0x08a47000,0x08a98000)]
  0x07a37000 JavaThread "resolver-1" daemon [_thread_blocked, id=12346, stack(0x14a5e000,0x14aaf000)]
  0xb66c6800 JavaThread "com.google.inject.internal.util.$Finalizer" daemon [_thread_blocked, id=11876, stack(0x14aaf000,0x14b00000)]
  0xb66a4400 JavaThread "Low Memory Detector" daemon [_thread_blocked, id=11874, stack(0x14cc5000,0x14d16000)]
=>0xb66a2400 JavaThread "C2 CompilerThread1" daemon [_thread_in_native, id=11873, stack(0x14d16000,0x14d97000)]
  0xb66a0400 JavaThread "C2 CompilerThread0" daemon [_thread_in_native, id=11872, stack(0x14d97000,0x14e18000)]
  0xb669f000 JavaThread "Signal Dispatcher" daemon [_thread_blocked, id=11871, stack(0x1542e000,0x1547f000)]
  0xb668f800 JavaThread "Finalizer" daemon [_thread_blocked, id=11870, stack(0x15018000,0x15069000)]
  0xb668e000 JavaThread "Reference Handler" daemon [_thread_blocked, id=11869, stack(0x15069000,0x150ba000)]
  0xb6605800 JavaThread "main" [_thread_blocked, id=11865, stack(0xb6797000,0xb67e8000)]

Other Threads:
  0xb668b400 VMThread [stack: 0x150ba000,0x1513b000] [id=11868]
  0xb66a6400 WatcherThread [stack: 0x14c44000,0x14cc5000] [id=11875]

VM state:not at safepoint (normal execution)

VM Mutex/Monitor currently owned by a thread: None

Heap
 PSYoungGen      total 233024K, used 26127K [0x808b0000, 0x95e00000, 0x95e00000)
  eden space 116544K, 21% used [0x808b0000,0x820eddc0,0x87a80000)
  from space 116480K, 1% used [0x87a80000,0x87bc6020,0x8ec40000)
  to   space 116480K, 0% used [0x8ec40000,0x8ec40000,0x95e00000)
 PSOldGen        total 269312K, used 221896K [0x55e00000, 0x66500000, 0x808b0000)
  object space 269312K, 82% used [0x55e00000,0x636b2118,0x66500000)
 PSPermGen       total 524288K, used 95282K [0x15e00000, 0x35e00000, 0x55e00000)
  object space 524288K, 18% used [0x15e00000,0x1bb0cb48,0x35e00000)

Code Cache  [0x96600000, 0x973e8000, 0xb6600000)
 total_blobs=4172 nmethods=3800 adapters=325 free_code_cache=522436864 largest_free_block=48512

Dynamic libraries:
00015000-00100000 rw-p 00000000 00:00 0 
00100000-001f1000 rw-p 00000000 00:00 0 
001f1000-00200000 ---p 00000000 00:00 0 
00200000-002f9000 rw-p 00000000 00:00 0 
002f9000-00300000 ---p 00000000 00:00 0 
00300000-003f9000 rw-p 00000000 00:00 0 
003f9000-00400000 ---p 00000000 00:00 0 
00400000-004f9000 rw-p 00000000 00:00 0 
004f9000-00500000 ---p 00000000 00:00 0 
00500000-005f9000 rw-p 00000000 00:00 0 
005f9000-00600000 ---p 00000000 00:00 0 
00600000-006f9000 rw-p 00000000 00:00 0 
006f9000-00700000 ---p 00000000 00:00 0 
00700000-007f9000 rw-p 00000000 00:00 0 
007f9000-00800000 ---p 00000000 00:00 0 
00800000-008f1000 rw-p 00000000 00:00 0 
008f1000-00900000 ---p 00000000 00:00 0 
00900000-009fd000 rw-p 00000000 00:00 0 
009fd000-00a00000 ---p 00000000 00:00 0 
00a00000-00afa000 rw-p 00000000 00:00 0 
00afa000-00b00000 ---p 00000000 00:00 0 
00b00000-00bfe000 rw-p 00000000 00:00 0 
00bfe000-00c00000 ---p 00000000 00:00 0 
00c00000-00cf0000 rw-p 00000000 00:00 0 
00cf0000-00d00000 ---p 00000000 00:00 0 
00d00000-00df9000 rw-p 00000000 00:00 0 
00df9000-00e00000 ---p 00000000 00:00 0 
00e00000-00ef5000 rw-p 00000000 00:00 0 
00ef5000-00f00000 ---p 00000000 00:00 0 
00f00000-00fe6000 rw-p 00000000 00:00 0 
00fe6000-01000000 ---p 00000000 00:00 0 
01000000-011f8000 rw-p 00000000 00:00 0 
011f8000-01200000 ---p 00000000 00:00 0 
01200000-01400000 rw-p 00000000 00:00 0 
01400000-01600000 rw-p 00000000 00:00 0 
01600000-01800000 rw-p 00000000 00:00 0 
01800000-01a00000 rw-p 00000000 00:00 0 
01a00000-01c00000 rw-p 00000000 00:00 0 
01c00000-01e00000 rw-p 00000000 00:00 0 
01e00000-01ff9000 rw-p 00000000 00:00 0 
01ff9000-02000000 ---p 00000000 00:00 0 
02000000-02200000 rw-p 00000000 00:00 0 
02200000-02400000 rw-p 00000000 00:00 0 
02400000-02500000 rw-p 00000000 00:00 0 
02505000-026d7000 rw-p 00000000 00:00 0 
026de000-02700000 rw-p 00000000 00:00 0 
02700000-027f1000 rw-p 00000000 00:00 0 
027f1000-02800000 ---p 00000000 00:00 0 
02800000-02900000 rw-p 00000000 00:00 0 
02900000-02a00000 rw-p 00000000 00:00 0 
02a00000-02b00000 rw-p 00000000 00:00 0 
02b00000-02c00000 rw-p 00000000 00:00 0 
02c00000-02d00000 rw-p 00000000 00:00 0 
02d00000-02e00000 rw-p 00000000 00:00 0 
02e00000-03000000 rw-p 00000000 00:00 0 
03000000-03200000 rw-p 00000000 00:00 0 
03200000-03300000 rw-p 00000000 00:00 0 
03300000-03400000 rw-p 00000000 00:00 0 
03400000-03500000 rw-p 00000000 00:00 0 
03500000-03600000 rw-p 00000000 00:00 0 
03600000-03700000 rw-p 00000000 00:00 0 
03700000-03800000 rw-p 00000000 00:00 0 
03800000-03a00000 rw-p 00000000 00:00 0 
03a00000-03b00000 rw-p 00000000 00:00 0 
03b00000-03c00000 rw-p 00000000 00:00 0 
03c00000-03d00000 rw-p 00000000 00:00 0 
03d00000-03e00000 rw-p 00000000 00:00 0 
03e00000-03f00000 rw-p 00000000 00:00 0 
03f00000-04000000 rw-p 00000000 00:00 0 
04000000-040fc000 rw-p 00000000 00:00 0 
040fc000-04100000 ---p 00000000 00:00 0 
04100000-04200000 rw-p 00000000 00:00 0 
04200000-04500000 rw-p 00000000 00:00 0 
04500000-04600000 rw-p 00000000 00:00 0 
04600000-04700000 rw-p 00000000 00:00 0 
04700000-04900000 rw-p 00000000 00:00 0 
04900000-04b00000 rw-p 00000000 00:00 0 
04b00000-04c00000 rw-p 00000000 00:00 0 
04c00000-04cfa000 rw-p 00000000 00:00 0 
04cfa000-04d00000 ---p 00000000 00:00 0 
04d00000-04e00000 rw-p 00000000 00:00 0 
04e00000-05f00000 rw-p 00000000 00:00 0 
05f00000-06000000 rw-p 00000000 00:00 0 
06000000-06100000 rw-p 00000000 00:00 0 
06100000-061fe000 rw-p 00000000 00:00 0 
061fe000-06200000 ---p 00000000 00:00 0 
06200000-062f9000 rw-p 00000000 00:00 0 
062f9000-06300000 ---p 00000000 00:00 0 
06300000-063fe000 rw-p 00000000 00:00 0 
063fe000-06400000 ---p 00000000 00:00 0 
06400000-064fe000 rw-p 00000000 00:00 0 
064fe000-06500000 ---p 00000000 00:00 0 
06500000-065fc000 rw-p 00000000 00:00 0 
065fc000-06600000 ---p 00000000 00:00 0 
06600000-06700000 rw-p 00000000 00:00 0 
06700000-067fe000 rw-p 00000000 00:00 0 
067fe000-06800000 ---p 00000000 00:00 0 
06800000-068fa000 rw-p 00000000 00:00 0 
068fa000-06900000 ---p 00000000 00:00 0 
06900000-069fe000 rw-p 00000000 00:00 0 
069fe000-06a00000 ---p 00000000 00:00 0 
06a00000-06afd000 rw-p 00000000 00:00 0 
06afd000-06b00000 ---p 00000000 00:00 0 
06b00000-06d00000 rw-p 00000000 00:00 0 
06d00000-06dfd000 rw-p 00000000 00:00 0 
06dfd000-06e00000 ---p 00000000 00:00 0 
06e01000-06e2b000 rw-p 00000000 00:00 0 
06e2b000-06e30000 r--s 0003d000 08:0a 7263       /home/anonymous/.m2/repository/org/codehaus/plexus/plexus-utils/1.5.8/plexus-utils-1.5.8.jar
06e30000-06e32000 r--s 00000000 08:0a 11830      /home/anonymous/.m2/repository/org/apache/maven/reporting/maven-reporting-api/2.0.2/maven-reporting-api-2.0.2.jar
06e32000-06e34000 r--s 00005000 08:0a 135472     /home/anonymous/.m2/repository/fast-md5/fast-md5/2.6.1/fast-md5-2.6.1.jar
06e34000-06e36000 r--s 00000000 08:0a 135495     /home/anonymous/.m2/repository/org/codehaus/plexus/plexus-component-annotations/1.5.5/plexus-component-annotations-1.5.5.jar
06e36000-06e3a000 r--s 00033000 08:0a 7260       /home/anonymous/.m2/repository/org/codehaus/plexus/plexus-utils/2.0.6/plexus-utils-2.0.6.jar
06e3a000-06e3c000 r--s 0000d000 08:0a 7258       /home/anonymous/.m2/repository/org/codehaus/plexus/plexus-interpolation/1.14/plexus-interpolation-1.14.jar
06e3c000-06e40000 r--s 0001a000 08:0a 135492     /home/anonymous/.m2/repository/org/sonatype/aether/aether-util/1.11/aether-util-1.11.jar
06e40000-06e43000 r--s 00024000 08:0a 135490     /home/anonymous/.m2/repository/plexus/plexus-utils/1.0.1/plexus-utils-1.0.1.jar
06e43000-06e4b000 r--s 0006b000 08:0a 396334     /home/anonymous/.m2/repository/org/codehaus/castor/castor-codegen/1.1.2.1/castor-codegen-1.1.2.1.jar
06e4b000-06e4d000 r--s 00004000 08:0a 135484     /home/anonymous/.m2/repository/org/codehaus/plexus/plexus-compiler-api/1.5.1/plexus-compiler-api-1.5.1.jar
06e4d000-06e59000 r--s 0006b000 08:0a 135487     /home/anonymous/.m2/repository/org/sonatype/sisu/sisu-guice/2.9.4/sisu-guice-2.9.4-no_aop.jar
06e59000-06e5f000 r--s 00033000 08:0a 135485     /home/anonymous/.m2/repository/org/sonatype/sisu/sisu-inject-bean/2.1.1/sisu-inject-bean-2.1.1.jar
06e5f000-06e77000 r--s 00115000 08:0a 135183     /home/anonymous/.m2/repository/xerces/xercesImpl/2.9.1/xercesImpl-2.9.1.jar
06e77000-06e89000 r--s 000fa000 08:0a 396172     /home/anonymous/.m2/repository/org/codehaus/castor/castor/1.1.2.1/castor-1.1.2.1.jar
06e89000-06e8c000 r--s 000cf000 08:0a 399393     /home/anonymous/.m2/repository/net/java/dev/jna/jna/3.2.2/jna-3.2.2.jar
06e8c000-06e91000 r--s 00068000 08:0a 140514     /home/anonymous/.m2/repository/antlr/antlr/2.7.7/antlr-2.7.7.jar
06e91000-06e94000 r--s 00027000 08:0a 399390     /home/anonymous/.m2/repository/org/antlr/stringtemplate/3.2/stringtemplate-3.2.jar
06e94000-06e97000 r--s 00022000 08:0a 399389     /home/anonymous/.m2/repository/org/antlr/antlr-runtime/3.1.3/antlr-runtime-3.1.3.jar
06e97000-06ea6000 r--s 000a7000 08:0a 399388     /home/anonymous/.m2/repository/org/tmatesoft/sqljet/sqljet/1.0.4/sqljet-1.0.4.jar
06ea6000-06eab000 r--s 00039000 08:0a 399387     /home/anonymous/.m2/repository/org/tmatesoft/svnkit/trilead-ssh2/build213-svnkit-1.3-patch/trilead-ssh2-build213-svnkit-1.3-patch.jar
06eab000-06ec1000 r--s 001b8000 08:0a 399386     /home/anonymous/.m2/repository/org/tmatesoft/svnkit/svnkit/1.3.5/svnkit-1.3.5.jar
06ec1000-06ec3000 r--s 0000b000 08:0a 11627      /home/anonymous/.m2/repository/com/google/code/maven-scm-provider-svnjava/maven-scm-provider-svnjava/1.13/maven-scm-provider-svnjava-1.13.jar
06ec3000-06ec5000 r--s 0000e000 08:0a 11626      /home/anonymous/.m2/repository/org/apache/maven/scm/maven-scm-provider-hg/1.5/maven-scm-provider-hg-1.5.jar
06ec5000-06ec7000 r--s 00012000 08:0a 11625      /home/anonymous/.m2/repository/org/apache/maven/scm/maven-scm-provider-perforce/1.5/maven-scm-provider-perforce-1.5.jar
06ec7000-06eca000 r--s 0000f000 08:0a 11624      /home/anonymous/.m2/repository/org/apache/maven/scm/maven-scm-provider-clearcase/1.5/maven-scm-provider-clearcase-1.5.jar
06eca000-06ecd000 r--s 00010000 08:0a 399380     /home/anonymous/.m2/repository/org/apache/maven/scm/maven-scm-provider-starteam/1.5/maven-scm-provider-starteam-1.5.jar
06ecd000-06ed0000 r--s 00011000 08:0a 399379     /home/anonymous/.m2/repository/org/apache/maven/scm/maven-scm-provider-cvs-commons/1.5/maven-scm-provider-cvs-commons-1.5.jar
06ed0000-06ed2000 r--s 00006000 08:0a 399376     /home/anonymous/.m2/repository/org/apache/maven/scm/maven-scm-provider-cvsexe/1.5/maven-scm-provider-cvsexe-1.5.jar
06ed2000-06ed4000 r--s 00008000 08:0a 399374     /home/anonymous/.m2/repository/org/apache/maven/scm/maven-scm-provider-svn-commons/1.5/maven-scm-provider-svn-commons-1.5.jar
06ed4000-06ed6000 r--s 00008000 08:0a 399373     /home/anonymous/.m2/repository/org/apache/maven/scm/maven-scm-provider-git-commons/1.5/maven-scm-provider-git-commons-1.5.jar
06ed6000-06ed8000 r--s 0000c000 08:0a 399371     /home/anonymous/.m2/repository/org/apache/maven/scm/maven-scm-provider-gitexe/1.5/maven-scm-provider-gitexe-1.5.jar
06ed8000-06edb000 r--s 0000f000 08:0a 399368     /home/anonymous/.m2/repository/org/apache/maven/scm/maven-scm-provider-svnexe/1.5/maven-scm-provider-svnexe-1.5.jar
06edb000-06edd000 r--s 00005000 08:0a 399365     /home/anonymous/.m2/repository/regexp/regexp/1.3/regexp-1.3.jar
06edd000-06ee0000 r--s 0000b000 08:0a 399364     /home/anonymous/.m2/repository/org/apache/maven/scm/maven-scm-provider-bazaar/1.5/maven-scm-provider-bazaar-1.5.jar
06ee0000-06ee1000 r--s 00002000 08:0a 399367     /home/anonymous/.m2/repository/org/apache/maven/scm/maven-scm-manager-plexus/1.5/maven-scm-manager-plexus-1.5.jar
06ee1000-06ee4000 r--s 00015000 08:0a 399366     /home/anonymous/.m2/repository/org/apache/maven/scm/maven-scm-api/1.5/maven-scm-api-1.5.jar
06ee4000-06ee6000 r--s 00005000 08:0a 399249     /home/anonymous/.m2/repository/org/codehaus/mojo/buildnumber-maven-plugin/1.0/buildnumber-maven-plugin-1.0.jar
06ee6000-06ee9000 r--s 00010000 08:0a 135153     /home/anonymous/.m2/repository/org/codehaus/groovy/maven/support/slf4j-gossip/1.0/slf4j-gossip-1.0.jar
06ee9000-06eed000 r--s 0003c000 08:0a 135152     /home/anonymous/.m2/repository/commons-lang/commons-lang/2.4/commons-lang-2.4.jar
06eed000-06eef000 r--s 00004000 08:0a 396161     /home/anonymous/.m2/repository/org/apache/maven/doxia/doxia-module-xhtml/1.0-alpha-10/doxia-module-xhtml-1.0-alpha-10.jar
06eef000-06ef0000 r--s 00006000 08:0a 396159     /home/anonymous/.m2/repository/org/apache/maven/doxia/doxia-module-xdoc/1.0-alpha-10/doxia-module-xdoc-1.0-alpha-10.jar
06ef0000-06ef2000 r--s 00003000 08:0a 396157     /home/anonymous/.m2/repository/org/apache/maven/doxia/doxia-module-fml/1.0-alpha-10/doxia-module-fml-1.0-alpha-10.jar
06ef2000-06ef4000 r--s 0000a000 08:0a 396155     /home/anonymous/.m2/repository/org/apache/maven/doxia/doxia-module-apt/1.0-alpha-10/doxia-module-apt-1.0-alpha-10.jar
06ef4000-06ef6000 r--s 0000b000 08:0a 396153     /home/anonymous/.m2/repository/org/apache/maven/doxia/doxia-decoration-model/1.0-alpha-10/doxia-decoration-model-1.0-alpha-10.jar
06ef6000-06efe000 r--s 00058000 08:0a 7175       /home/anonymous/.m2/repository/org/apache/velocity/velocity/1.5/velocity-1.5.jar
06efe000-06eff000 r--s 00001000 08:0a 7173       /home/anonymous/.m2/repository/org/codehaus/plexus/plexus-velocity/1.1.7/plexus-velocity-1.1.7.jar
06eff000-06f00000 r--s 00002000 08:0a 7172       /home/anonymous/.m2/repository/org/codehaus/plexus/plexus-i18n/1.0-beta-7/plexus-i18n-1.0-beta-7.jar
06f00000-06f02000 r--s 0000a000 08:0a 396150     /home/anonymous/.m2/repository/org/apache/maven/doxia/doxia-site-renderer/1.0-alpha-10/doxia-site-renderer-1.0-alpha-10.jar
06f02000-06f04000 r--s 00000000 08:0a 7170       /home/anonymous/.m2/repository/org/apache/maven/reporting/maven-reporting-api/2.0.4/maven-reporting-api-2.0.4.jar
06f04000-06f07000 r--s 0000b000 08:0a 396147     /home/anonymous/.m2/repository/org/apache/maven/doxia/doxia-core/1.0-alpha-10/doxia-core-1.0-alpha-10.jar
06f07000-06f0c000 r--s 00016000 08:0a 135148     /home/anonymous/.m2/repository/xml-apis/xml-apis/1.0.b2/xml-apis-1.0.b2.jar
06f0c000-06f0e000 r--s 0000e000 08:0a 135146     /home/anonymous/.m2/repository/oro/oro/2.0.8/oro-2.0.8.jar
06f0e000-06f10000 r--s 00008000 08:0a 135144     /home/anonymous/.m2/repository/commons-logging/commons-logging/1.0.4/commons-logging-1.0.4.jar
06f10000-06f14000 r--s 00026000 08:0a 135142     /home/anonymous/.m2/repository/commons-digester/commons-digester/1.6/commons-digester-1.6.jar
06f14000-06f19000 r--s 0002a000 08:0a 135140     /home/anonymous/.m2/repository/commons-beanutils/commons-beanutils/1.7.0/commons-beanutils-1.7.0.jar
06f19000-06f1c000 r--s 00014000 08:0a 135139     /home/anonymous/.m2/repository/commons-validator/commons-validator/1.2.0/commons-validator-1.2.0.jar
06f1c000-06f1d000 r--s 00004000 08:0a 396145     /home/anonymous/.m2/repository/org/apache/maven/reporting/maven-reporting-impl/2.0.4.1/maven-reporting-impl-2.0.4.1.jar
06f1d000-06f1f000 r--s 00008000 08:0a 7167       /home/anonymous/.m2/repository/org/apache/maven/shared/file-management/1.2.1/file-management-1.2.1.jar
06f1f000-06f20000 r--s 00003000 08:0a 135136     /home/anonymous/.m2/repository/org/codehaus/groovy/maven/gmaven-common/1.0/gmaven-common-1.0.jar
06f20000-06f23000 r--s 00024000 08:0a 135135     /home/anonymous/.m2/repository/com/thoughtworks/qdox/qdox/1.8/qdox-1.8.jar
06f23000-06f28000 r--s 00039000 08:0a 7165       /home/anonymous/.m2/repository/org/codehaus/plexus/plexus-utils/1.5.5/plexus-utils-1.5.5.jar
06f28000-06f2b000 r--s 00011000 08:0a 7163       /home/anonymous/.m2/repository/org/codehaus/groovy/maven/runtime/gmaven-runtime-support/1.0/gmaven-runtime-support-1.0.jar
06f2b000-06f2d000 r--s 00005000 08:0a 135133     /home/anonymous/.m2/repository/org/codehaus/groovy/maven/runtime/gmaven-runtime-loader/1.0/gmaven-runtime-loader-1.0.jar
06f2d000-06f2f000 r--s 00003000 08:0a 7161       /home/anonymous/.m2/repository/org/codehaus/groovy/maven/feature/gmaven-feature-api/1.0/gmaven-feature-api-1.0.jar
06f2f000-06f31000 r--s 00004000 08:0a 7159       /home/anonymous/.m2/repository/org/codehaus/groovy/maven/runtime/gmaven-runtime-api/1.0/gmaven-runtime-api-1.0.jar
06f31000-06f33000 r--s 00002000 08:0a 6570       /home/anonymous/.m2/repository/org/apache/ant/ant-launcher/1.8.1/ant-launcher-1.8.1.jar
06f33000-06f4a000 r--s 0015b000 08:0a 6569       /home/anonymous/.m2/repository/org/apache/ant/ant/1.8.1/ant-1.8.1.jar
06f4a000-06f9c000 r--s 004e9000 08:0a 396142     /home/anonymous/.m2/repository/org/codehaus/groovy/groovy-all/1.7.5/groovy-all-1.7.5.jar
06f9c000-06f9f000 r--s 0001b000 08:0a 396143     /home/anonymous/.m2/repository/junit/junit/3.8.2/junit-3.8.2.jar
06f9f000-06fa1000 r--s 00014000 08:0a 135128     /home/anonymous/.m2/repository/jline/jline/0.9.94/jline-0.9.94.jar
06fa1000-06fa3000 r--s 00002000 08:0a 7156       /home/anonymous/.m2/repository/org/codehaus/groovy/maven/feature/gmaven-feature-support/1.0/gmaven-feature-support-1.0.jar
06fa3000-06fad000 r--s 00066000 08:0a 396029     /home/anonymous/.m2/repository/org/snmp4j/snmp4j-agent/1.4.1/snmp4j-agent-1.4.1.jar
06fad000-06fb2000 r--s 0004e000 08:0a 396030     /home/anonymous/.m2/repository/org/snmp4j/snmp4j/1.11.1/snmp4j-1.11.1.jar
06fb2000-06fb4000 r--s 00009000 08:0a 140856     /home/anonymous/workspace/opennms-1.10.8-1/core/snmp/impl-snmp4j/target/org.opennms.core.snmp.implementations.snmp4j-1.10.8.jar
06fb4000-06fb7000 r--s 00012000 08:0a 140791     /home/anonymous/workspace/opennms-1.10.8-1/core/snmp/joesnmp/target/org.opennms.core.snmp.joesnmp-1.10.8.jar
06fb7000-06fb9000 r--s 00006000 08:0a 140820     /home/anonymous/workspace/opennms-1.10.8-1/core/snmp/impl-joesnmp/target/org.opennms.core.snmp.implementations.joesnmp-1.10.8.jar
06fb9000-06fbe000 r--s 00040000 08:0a 140470     /home/anonymous/.m2/repository/commons-lang/commons-lang/2.5/commons-lang-2.5.jar
06fbe000-06fc4000 r--s 00034000 08:0a 399190     /home/anonymous/.m2/repository/junit/junit/4.8.2/junit-4.8.2.jar
06fc4000-06fcb000 r--s 00065000 08:0a 134539     /home/anonymous/.m2/repository/dnsjava/dnsjava/2.1.1/dnsjava-2.1.1.jar
06fcb000-06fcd000 r--s 00005000 08:0a 140359     /home/anonymous/.m2/repository/javax/xml/stream/com.springsource.javax.xml.stream/1.0.1/com.springsource.javax.xml.stream-1.0.1.jar
06fcd000-06fce000 r--s 00003000 08:0a 399201     /home/anonymous/.m2/repository/org/jvnet/staxex/com.springsource.org.jvnet.staxex/1.0.0/com.springsource.org.jvnet.staxex-1.0.0.jar
06fce000-06fd3000 r--s 00043000 08:0a 11511      /home/anonymous/.m2/repository/com/sun/xml/com.springsource.com.sun.xml.fastinfoset/1.2.2/com.springsource.com.sun.xml.fastinfoset-1.2.2.jar
06fd3000-06fe5000 r--s 000c2000 08:0a 11510      /home/anonymous/.m2/repository/com/sun/xml/com.springsource.com.sun.xml.bind/2.1.7/com.springsource.com.sun.xml.bind-2.1.7.jar
06fe5000-06fe8000 r--s 00014000 08:0a 140358     /home/anonymous/.m2/repository/javax/xml/bind/com.springsource.javax.xml.bind/2.1.7/com.springsource.javax.xml.bind-2.1.7.jar
06fe8000-06fe9000 r--s 00005000 08:0a 11676      /home/anonymous/.m2/repository/org/codehaus/mojo/build-helper-maven-plugin/1.5/build-helper-maven-plugin-1.5.jar
06fe9000-06feb000 r--s 00009000 08:0a 7158       /home/anonymous/.m2/repository/org/codehaus/groovy/maven/runtime/gmaven-runtime-1.6/1.0/gmaven-runtime-1.6-1.0.jar
06feb000-06fec000 r--s 00001000 08:0a 140371     /home/anonymous/workspace/opennms-1.10.8-1/core/api/target/org.opennms.core.api-1.10.8.jar
06fec000-06fed000 r--s 00005000 08:0a 140413     /home/anonymous/workspace/opennms-1.10.8-1/core/lib/target/org.opennms.core.lib-1.10.8.jar
06fed000-06ff0000 r--s 00016000 08:0a 140642     /home/anonymous/workspace/opennms-1.10.8-1/opennms-util/target/opennms-util-1.10.8.jar
06ff0000-06ff7000 r--s 00059000 08:0a 140339     /home/anonymous/.m2/repository/log4j/log4j/1.2.15/log4j-1.2.15.jar
06ff7000-06ffd000 r--s 0006d000 08:0a 134465     /home/anonymous/.m2/repository/javassist/javassist/3.4.GA/javassist-3.4.GA.jar
06ffd000-07000000 r--s 0001b000 08:0a 6800       /home/anonymous/.m2/repository/org/hibernate/hibernate-entitymanager/3.4.0.GA/hibernate-entitymanager-3.4.0.GA.jar
07000000-07023000 r--s 00209000 08:0a 6799       /home/anonymous/.m2/repository/org/hibernate/hibernate-core/3.3.1.GA/hibernate-core-3.3.1.GA.jar
07023000-07039000 r--s 00178000 08:0a 395944     /home/anonymous/.m2/repository/org/aspectj/aspectjweaver/1.6.8/aspectjweaver-1.6.8.jar
07039000-0703e000 r--s 00018000 08:0a 395943     /home/anonymous/.m2/repository/org/aspectj/aspectjrt/1.6.8/aspectjrt-1.6.8.jar
0703e000-07046000 r--s 0004a000 08:0a 140335     /home/anonymous/.m2/repository/org/springframework/spring-orm/3.0.5.RELEASE/spring-orm-3.0.5.RELEASE.jar
07046000-0704b000 r--s 00029000 08:0a 11486      /home/anonymous/.m2/repository/org/springframework/spring-jms/3.0.5.RELEASE/spring-jms-3.0.5.RELEASE.jar
0704b000-07052000 r--s 00032000 08:0a 11487      /home/anonymous/.m2/repository/org/springframework/spring-tx/3.0.5.RELEASE/spring-tx-3.0.5.RELEASE.jar
07052000-0705c000 r--s 00055000 08:0a 140334     /home/anonymous/.m2/repository/org/springframework/spring-jdbc/3.0.5.RELEASE/spring-jdbc-3.0.5.RELEASE.jar
0705c000-0705e000 r--s 0000d000 08:0a 140332     /home/anonymous/.m2/repository/org/springframework/spring-oxm/3.0.5.RELEASE/spring-oxm-3.0.5.RELEASE.jar
0705e000-07061000 ---p 00000000 00:00 0 
07061000-070af000 rw-p 00000000 00:00 0          [stack:13297]
070af000-070b2000 ---p 00000000 00:00 0 
070b2000-07100000 rw-p 00000000 00:00 0 
07100000-07300000 rw-p 00000000 00:00 0 
07300000-073fe000 rw-p 00000000 00:00 0 
073fe000-07400000 ---p 00000000 00:00 0 
07400000-074fb000 rw-p 00000000 00:00 0 
074fb000-07500000 ---p 00000000 00:00 0 
07500000-07600000 rw-p 00000000 00:00 0 
07600000-07606000 r--s 0002d000 08:0a 140330     /home/anonymous/.m2/repository/org/springframework/spring-test/3.0.5.RELEASE/spring-test-3.0.5.RELEASE.jar
07606000-07609000 r--s 00016000 08:0a 11483      /home/anonymous/.m2/repository/org/springframework/spring-context-support/3.0.5.RELEASE/spring-context-support-3.0.5.RELEASE.jar
07609000-0760d000 r--s 00026000 08:0a 11482      /home/anonymous/.m2/repository/org/springframework/spring-expression/3.0.5.RELEASE/spring-expression-3.0.5.RELEASE.jar
0760d000-07610000 ---p 00000000 00:00 0 
07610000-0765e000 rw-p 00000000 00:00 0 
0765e000-07661000 ---p 00000000 00:00 0 
07661000-076af000 rw-p 00000000 00:00 0 
076af000-076b2000 ---p 00000000 00:00 0 
076b2000-07700000 rw-p 00000000 00:00 0          [stack:12350]
07700000-077ff000 rw-p 00000000 00:00 0 
077ff000-07800000 ---p 00000000 00:00 0 
07800000-078fc000 rw-p 00000000 00:00 0 
078fc000-07900000 ---p 00000000 00:00 0 
07900000-079ff000 rw-p 00000000 00:00 0 
079ff000-07a00000 ---p 00000000 00:00 0 
07a00000-07b00000 rw-p 00000000 00:00 0 
07b00000-07c00000 rw-p 00000000 00:00 0 
07c00000-07c02000 r--s 00010000 08:0a 6390       /home/anonymous/.m2/repository/org/codehaus/groovy/maven/gmaven-plugin/1.0/gmaven-plugin-1.0.jar
07c02000-07c14000 r--s 00092000 08:0a 11481      /home/anonymous/.m2/repository/org/springframework/spring-context/3.0.5.RELEASE/spring-context-3.0.5.RELEASE.jar
07c14000-07c16000 r--s 00007000 08:0a 399154     /home/anonymous/.m2/repository/org/springframework/spring-aspects/3.0.5.RELEASE/spring-aspects-3.0.5.RELEASE.jar
07c16000-07c18000 r--s 0000d000 08:0a 134439     /home/anonymous/.m2/repository/commons-logging/commons-logging/1.1.1/commons-logging-1.1.1.jar
07c18000-07c21000 r--s 00055000 08:0a 399158     /home/anonymous/.m2/repository/org/springframework/spring-core/3.0.5.RELEASE/spring-core-3.0.5.RELEASE.jar
07c21000-07c2d000 r--s 0007c000 08:0a 399155     /home/anonymous/.m2/repository/org/springframework/spring-beans/3.0.5.RELEASE/spring-beans-3.0.5.RELEASE.jar
07c2d000-07c2e000 r--s 0000c000 08:0a 399153     /home/anonymous/.m2/repository/org/springframework/spring-asm/3.0.5.RELEASE/spring-asm-3.0.5.RELEASE.jar
07c2e000-07c30000 r--s 00000000 08:0a 134433     /home/anonymous/.m2/repository/aopalliance/aopalliance/1.0/aopalliance-1.0.jar
07c30000-07c39000 r--s 00046000 08:0a 399152     /home/anonymous/.m2/repository/org/springframework/spring-aop/3.0.5.RELEASE/spring-aop-3.0.5.RELEASE.jar
07c39000-07c3b000 r--s 0000e000 08:0a 140724     /home/anonymous/workspace/opennms-1.10.8-1/core/snmp/api/target/org.opennms.core.snmp.api-1.10.8.jar
07c3b000-07c48000 r--s 0007f000 08:0a 135151     /home/anonymous/.m2/repository/commons-collections/commons-collections/3.2/commons-collections-3.2.jar
07c48000-08048000 rw-p 00000000 00:00 0 
08048000-08051000 r-xp 00000000 08:09 535778     /usr/lib/jvm/java-6-openjdk-i386/jre/bin/java
08051000-08052000 r--p 00008000 08:09 535778     /usr/lib/jvm/java-6-openjdk-i386/jre/bin/java
08052000-08053000 rw-p 00009000 08:09 535778     /usr/lib/jvm/java-6-openjdk-i386/jre/bin/java
08053000-08054000 r--s 00002000 08:0a 135486     /home/anonymous/.m2/repository/org/codehaus/mojo/castor-maven-plugin/2.0-alpha1/castor-maven-plugin-2.0-alpha1.jar
08054000-08057000 r--s 00018000 08:0a 135497     /home/anonymous/.m2/repository/commons-io/commons-io/1.4/commons-io-1.4.jar
08057000-08058000 r--s 0000c000 08:0a 135483     /home/anonymous/.m2/repository/commons-logging/commons-logging/1.1/commons-logging-1.1.jar
08058000-0805e000 r--s 00067000 08:0a 134459     /home/anonymous/.m2/repository/antlr/antlr/2.7.6/antlr-2.7.6.jar
0805e000-08061000 ---p 00000000 00:00 0 
08061000-080af000 rw-p 00000000 00:00 0          [stack:12349]
080af000-080b2000 ---p 00000000 00:00 0 
080b2000-08100000 rw-p 00000000 00:00 0          [stack:12348]
08100000-08200000 rw-p 00000000 00:00 0 
08200000-08400000 rw-p 00000000 00:00 0 
08400000-084db000 rw-p 00000000 00:00 0 
084db000-08500000 ---p 00000000 00:00 0 
08500000-085ef000 rw-p 00000000 00:00 0 
085ef000-08600000 ---p 00000000 00:00 0 
08600000-08800000 rw-p 00000000 00:00 0 
08800000-088fd000 rw-p 00000000 00:00 0 
088fd000-08900000 ---p 00000000 00:00 0 
08900000-08901000 r--s 00001000 08:0a 395733     /home/anonymous/.m2/repository/org/opennms/maven/plugins/castor-maven-plugin/1.0/castor-maven-plugin-1.0.jar
08901000-08904000 r--s 0000e000 08:0a 395951     /home/anonymous/.m2/repository/org/hibernate/hibernate-commons-annotations/3.1.0.GA/hibernate-commons-annotations-3.1.0.GA.jar
08904000-0890c000 r--s 00028000 08:0a 140338     /home/anonymous/.m2/repository/xml-apis/xml-apis/1.3.04/xml-apis-1.3.04.jar
0890c000-08911000 r--s 00048000 08:0a 134456     /home/anonymous/.m2/repository/dom4j/dom4j/1.6.1/dom4j-1.6.1.jar
08911000-08916000 r--s 00040000 08:0a 395948     /home/anonymous/.m2/repository/org/hibernate/hibernate-annotations/3.4.0.GA/hibernate-annotations-3.4.0.GA.jar
08916000-08a16000 rw-p 00000000 00:00 0 
08a16000-08a18000 r--s 00005000 08:0a 399162     /home/anonymous/.m2/repository/org/slf4j/slf4j-api/1.6.2/slf4j-api-1.6.2.jar
08a18000-08a1b000 r--s 0000a000 08:0a 395947     /home/anonymous/.m2/repository/org/hibernate/ejb3-persistence/1.0.2.GA/ejb3-persistence-1.0.2.GA.jar
08a1b000-08a2e000 r-xp 00000000 08:09 393550     /lib/i386-linux-gnu/libresolv-2.15.so
08a2e000-08a2f000 ---p 00013000 08:09 393550     /lib/i386-linux-gnu/libresolv-2.15.so
08a2f000-08a30000 r--p 00013000 08:09 393550     /lib/i386-linux-gnu/libresolv-2.15.so
08a30000-08a31000 rw-p 00014000 08:09 393550     /lib/i386-linux-gnu/libresolv-2.15.so
08a31000-08a33000 rw-p 00000000 00:00 0 
08a33000-08a34000 r--s 00007000 08:0a 140958     /home/anonymous/workspace/opennms-1.10.8-1/tests/mock-snmp-agent/target/mock-snmp-agent-1.10.8.jar
08a34000-08a35000 r--s 00000000 08:0a 399150     /home/anonymous/.m2/repository/org/springframework/spring-instrument/3.0.5.RELEASE/spring-instrument-3.0.5.RELEASE.jar
08a35000-08a3c000 r--s 00049000 08:0a 140336     /home/anonymous/.m2/repository/cglib/cglib-nodep/2.1_3/cglib-nodep-2.1_3.jar
08a3c000-08a47000 r--s 0008b000 08:0a 134453     /home/anonymous/.m2/repository/c3p0/c3p0/0.9.1.2/c3p0-0.9.1.2.jar
08a47000-08a4a000 ---p 00000000 00:00 0 
08a4a000-08a98000 rw-p 00000000 00:00 0          [stack:12347]
08a98000-08af8000 r--s 00d92000 08:09 563242     /usr/lib/jvm/java-6-openjdk-i386/lib/tools.jar
08af8000-08afb000 r--s 0000a000 08:0a 395423     /home/anonymous/.m2/repository/org/codehaus/plexus/plexus-io/1.0/plexus-io-1.0.jar
08afb000-08aff000 r--s 00028000 08:0a 395425     /home/anonymous/.m2/repository/org/codehaus/plexus/plexus-archiver/1.0/plexus-archiver-1.0.jar
08aff000-08b00000 r--s 00005000 08:0a 6329       /home/anonymous/.m2/repository/org/apache/maven/plugins/maven-source-plugin/2.1.2/maven-source-plugin-2.1.2.jar
08b00000-08c00000 rw-p 00000000 00:00 0 
08c00000-08cf6000 rw-p 00000000 00:00 0 
08cf6000-08d00000 ---p 00000000 00:00 0 
08d00000-08dfd000 rw-p 00000000 00:00 0 
08dfd000-08e00000 ---p 00000000 00:00 0 
08e00000-08f00000 rw-p 00000000 00:00 0 
08f00000-08fff000 rw-p 00000000 00:00 0 
08fff000-09000000 ---p 00000000 00:00 0 
09000000-09100000 rw-p 00000000 00:00 0 
09100000-091fe000 rw-p 00000000 00:00 0 
091fe000-09200000 ---p 00000000 00:00 0 
09200000-09300000 rw-p 00000000 00:00 0 
09300000-093fd000 rw-p 00000000 00:00 0 
093fd000-09400000 ---p 00000000 00:00 0 
09400000-09500000 rw-p 00000000 00:00 0 
09500000-095fe000 rw-p 00000000 00:00 0 
095fe000-09600000 ---p 00000000 00:00 0 
09600000-09e00000 rw-p 00000000 00:00 0 
09e00000-09efb000 rw-p 00000000 00:00 0 
09efb000-09f00000 ---p 00000000 00:00 0 
09f00000-09f01000 r--s 00002000 08:0a 11490      /home/anonymous/.m2/repository/org/slf4j/slf4j-log4j12/1.6.2/slf4j-log4j12-1.6.2.jar
09f01000-09f02000 r--s 00003000 08:0a 134463     /home/anonymous/.m2/repository/javax/transaction/jta/1.1/jta-1.1.jar
09f02000-09f03000 r--s 00001000 08:0a 134451     /home/anonymous/.m2/repository/javax/annotation/jsr250-api/1.0/jsr250-api-1.0.jar
09f03000-09f08000 r-xp 00000000 08:09 393515     /lib/i386-linux-gnu/libnss_dns-2.15.so
09f08000-09f09000 r--p 00004000 08:09 393515     /lib/i386-linux-gnu/libnss_dns-2.15.so
09f09000-09f0a000 rw-p 00005000 08:09 393515     /lib/i386-linux-gnu/libnss_dns-2.15.so
09f0a000-09f0c000 r-xp 00000000 08:09 392689     /lib/libnss_mdns4_minimal.so.2
09f0c000-09f0d000 r--p 00001000 08:09 392689     /lib/libnss_mdns4_minimal.so.2
09f0d000-09f0e000 rw-p 00002000 08:09 392689     /lib/libnss_mdns4_minimal.so.2
09f0e000-09f12000 r--s 0002f000 08:0a 135164     /home/anonymous/.m2/repository/commons-lang/commons-lang/2.1/commons-lang-2.1.jar
09f12000-09f13000 r--s 00007000 08:0a 6376       /home/anonymous/.m2/repository/org/apache/maven/plugins/maven-jar-plugin/2.3.1/maven-jar-plugin-2.3.1.jar
09f13000-09f17000 r--s 00035000 08:0a 6900       /home/anonymous/.m2/repository/org/codehaus/plexus/plexus-utils/3.0.5/plexus-utils-3.0.5.jar
09f17000-09f18000 r--s 00002000 08:0a 396148     /home/anonymous/.m2/repository/org/apache/maven/doxia/doxia-sink-api/1.0-alpha-10/doxia-sink-api-1.0-alpha-10.jar
09f18000-09f19000 r--s 00002000 08:0a 6882       /home/anonymous/.m2/repository/org/apache/maven/reporting/maven-reporting-api/2.0.9/maven-reporting-api-2.0.9.jar
09f19000-09f1e000 r--s 0003d000 08:0a 399180     /home/anonymous/.m2/repository/org/codehaus/plexus/plexus-utils/1.5.9/plexus-utils-1.5.9.jar
09f1e000-09f29000 r--s 00081000 08:0a 399181     /home/anonymous/.m2/repository/org/apache/maven/surefire/surefire-api/2.5/surefire-api-2.5.jar
09f29000-09f30000 r--s 00048000 08:0a 399179     /home/anonymous/.m2/repository/org/apache/maven/surefire/surefire-booter/2.5/surefire-booter-2.5.jar
09f30000-09f32000 r--s 00007000 08:0a 11447      /home/anonymous/.m2/repository/org/apache/maven/plugins/maven-surefire-plugin/2.5/maven-surefire-plugin-2.5.jar
09f32000-09f46000 r--s 0012f000 08:0a 140252     /home/anonymous/.m2/repository/org/apache/ant/ant/1.7.1/ant-1.7.1.jar
09f46000-11cf7000 rw-p 00000000 00:00 0          [heap]
11cf7000-11cf9000 r--s 00002000 08:0a 6847       /home/anonymous/.m2/repository/org/codehaus/plexus/plexus-compiler-javac/1.8.1/plexus-compiler-javac-1.8.1.jar
11cf9000-11cfb000 r--s 00000000 08:0a 6846       /home/anonymous/.m2/repository/org/codehaus/plexus/plexus-compiler-manager/1.8.1/plexus-compiler-manager-1.8.1.jar
11cfb000-11cfc000 r--s 00004000 08:0a 6845       /home/anonymous/.m2/repository/org/codehaus/plexus/plexus-compiler-api/1.8.1/plexus-compiler-api-1.8.1.jar
11cfc000-11cfe000 r--s 00006000 08:0a 6724       /home/anonymous/.m2/repository/org/apache/maven/plugins/maven-compiler-plugin/2.3.2/maven-compiler-plugin-2.3.2.jar
11cfe000-11d00000 r--s 00009000 08:0a 6290       /home/anonymous/.m2/repository/org/apache/maven/shared/maven-filtering/1.0/maven-filtering-1.0.jar
11d00000-11dec000 rw-p 00000000 00:00 0 
11dec000-11e00000 ---p 00000000 00:00 0 
11e00000-11f00000 rw-p 00000000 00:00 0 
11f00000-11fef000 rw-p 00000000 00:00 0 
11fef000-12000000 ---p 00000000 00:00 0 
12000000-12100000 rw-p 00000000 00:00 0 
12100000-121fa000 rw-p 00000000 00:00 0 
121fa000-12200000 ---p 00000000 00:00 0 
12200000-12300000 rw-p 00000000 00:00 0 
12300000-123ff000 rw-p 00000000 00:00 0 
123ff000-12400000 ---p 00000000 00:00 0 
12400000-124fd000 rw-p 00000000 00:00 0 
124fd000-12500000 ---p 00000000 00:00 0 
12500000-125f6000 rw-p 00000000 00:00 0 
125f6000-12600000 ---p 00000000 00:00 0 
12600000-126fe000 rw-p 00000000 00:00 0 
126fe000-12700000 ---p 00000000 00:00 0 
12700000-127d8000 rw-p 00000000 00:00 0 
127d8000-12800000 ---p 00000000 00:00 0 
12800000-128fe000 rw-p 00000000 00:00 0 
128fe000-12900000 ---p 00000000 00:00 0 
12900000-12afd000 rw-p 00000000 00:00 0 
12afd000-12b00000 ---p 00000000 00:00 0 
12b00000-12d00000 rw-p 00000000 00:00 0 
12d00000-12dfa000 rw-p 00000000 00:00 0 
12dfa000-12e00000 ---p 00000000 00:00 0 
12e00000-12f00000 rw-p 00000000 00:00 0 
12f00000-12ffc000 rw-p 00000000 00:00 0 
12ffc000-13000000 ---p 00000000 00:00 0 
13000000-130fb000 rw-p 00000000 00:00 0 
130fb000-13100000 ---p 00000000 00:00 0 
13100000-131fb000 rw-p 00000000 00:00 0 
131fb000-13200000 ---p 00000000 00:00 0 
13200000-132f7000 rw-p 00000000 00:00 0 
132f7000-13300000 ---p 00000000 00:00 0 
13300000-134f0000 rw-p 00000000 00:00 0 
134f0000-13500000 ---p 00000000 00:00 0 
13500000-135fa000 rw-p 00000000 00:00 0 
135fa000-13600000 ---p 00000000 00:00 0 
13600000-136fa000 rw-p 00000000 00:00 0 
136fa000-13700000 ---p 00000000 00:00 0 
13700000-137dd000 rw-p 00000000 00:00 0 
137dd000-13800000 ---p 00000000 00:00 0 
13800000-138fb000 rw-p 00000000 00:00 0 
138fb000-13900000 ---p 00000000 00:00 0 
13900000-139fe000 rw-p 00000000 00:00 0 
139fe000-13a00000 ---p 00000000 00:00 0 
13a00000-13aea000 rw-p 00000000 00:00 0 
13aea000-13b00000 ---p 00000000 00:00 0 
13b00000-13bf2000 rw-p 00000000 00:00 0 
13bf2000-13c00000 ---p 00000000 00:00 0 
13c00000-13caa000 rw-p 00000000 00:00 0 
13caa000-13d00000 ---p 00000000 00:00 0 
13d00000-13dff000 rw-p 00000000 00:00 0 
13dff000-13e00000 ---p 00000000 00:00 0 
13e00000-13f00000 rw-p 00000000 00:00 0 
13f00000-13fff000 rw-p 00000000 00:00 0 
13fff000-14000000 ---p 00000000 00:00 0 
14000000-140f3000 rw-p 00000000 00:00 0 
140f3000-14100000 ---p 00000000 00:00 0 
14100000-141fa000 rw-p 00000000 00:00 0 
141fa000-14200000 ---p 00000000 00:00 0 
14200000-142f3000 rw-p 00000000 00:00 0 
142f3000-14300000 ---p 00000000 00:00 0 
14300000-143f9000 rw-p 00000000 00:00 0 
143f9000-14400000 ---p 00000000 00:00 0 
14400000-14500000 rw-p 00000000 00:00 0 
14500000-14600000 rw-p 00000000 00:00 0 
14600000-14700000 rw-p 00000000 00:00 0 
14700000-147fe000 rw-p 00000000 00:00 0 
147fe000-14800000 ---p 00000000 00:00 0 
14800000-148fe000 rw-p 00000000 00:00 0 
148fe000-14900000 ---p 00000000 00:00 0 
14900000-149fb000 rw-p 00000000 00:00 0 
149fb000-14a00000 ---p 00000000 00:00 0 
14a00000-14a01000 r--s 00006000 08:0a 6367       /home/anonymous/.m2/repository/org/apache/maven/plugins/maven-install-plugin/2.4/maven-install-plugin-2.4.jar
14a01000-14a03000 r--s 00006000 08:0a 395416     /home/anonymous/.m2/repository/commons-cli/commons-cli/1.0/commons-cli-1.0.jar
14a03000-14a04000 r--s 00001000 08:0a 395412     /home/anonymous/.m2/repository/org/apache/maven/doxia/doxia-sink-api/1.0-alpha-7/doxia-sink-api-1.0-alpha-7.jar
14a04000-14a05000 r--s 00002000 08:0a 395959     /home/anonymous/.m2/repository/org/apache/maven/reporting/maven-reporting-api/2.0.6/maven-reporting-api-2.0.6.jar
14a05000-14a07000 r--s 00005000 08:0a 6715       /home/anonymous/.m2/repository/org/apache/maven/plugins/maven-resources-plugin/2.5/maven-resources-plugin-2.5.jar
14a07000-14a08000 r--s 00002000 08:0a 395806     /home/anonymous/.m2/repository/org/codehaus/plexus/plexus-digest/1.0/plexus-digest-1.0.jar
14a08000-14a09000 r--s 00005000 08:0a 6467       /home/anonymous/.m2/repository/org/apache/maven/plugins/maven-install-plugin/2.3.1/maven-install-plugin-2.3.1.jar
14a09000-14a0a000 r--s 00002000 08:0a 140251     /home/anonymous/.m2/repository/org/apache/ant/ant-launcher/1.7.1/ant-launcher-1.7.1.jar
14a0a000-14a0f000 r--s 00039000 08:0a 11423      /home/anonymous/.m2/repository/org/codehaus/plexus/plexus-utils/1.5.6/plexus-utils-1.5.6.jar
14a0f000-14a10000 r--s 00005000 08:0a 11415      /home/anonymous/.m2/repository/org/apache/maven/plugins/maven-antrun-plugin/1.3/maven-antrun-plugin-1.3.jar
14a10000-14a11000 r--s 00005000 08:0a 6296       /home/anonymous/.m2/repository/org/apache/maven/shared/maven-repository-builder/1.0-alpha-2/maven-repository-builder-1.0-alpha-2.jar
14a11000-14a15000 r--s 00033000 08:0a 395722     /home/anonymous/.m2/repository/org/codehaus/plexus/plexus-utils/2.0.5/plexus-utils-2.0.5.jar
14a15000-14a16000 r--s 00004000 08:0a 395420     /home/anonymous/.m2/repository/org/apache/maven/maven-archiver/2.4.1/maven-archiver-2.4.1.jar
14a16000-14a19000 r--s 0000a000 08:0a 6294       /home/anonymous/.m2/repository/org/codehaus/plexus/plexus-io/1.0.1/plexus-io-1.0.1.jar
14a19000-14a1a000 r--s 00001000 08:0a 6292       /home/anonymous/.m2/repository/org/sonatype/plexus/plexus-build-api/0.0.4/plexus-build-api-0.0.4.jar
14a1a000-14a1c000 r--s 00007000 08:0a 11400      /home/anonymous/.m2/repository/org/apache/maven/shared/maven-filtering/1.0-beta-4/maven-filtering-1.0-beta-4.jar
14a1c000-14a1e000 r--s 00008000 08:0a 6288       /home/anonymous/.m2/repository/org/apache/maven/shared/maven-shared-io/1.1/maven-shared-io-1.1.jar
14a1e000-14a20000 r--s 00006000 08:0a 6286       /home/anonymous/.m2/repository/org/apache/maven/shared/file-management/1.1/file-management-1.1.jar
14a20000-14a24000 r--s 00029000 08:0a 6284       /home/anonymous/.m2/repository/org/codehaus/plexus/plexus-archiver/1.1/plexus-archiver-1.1.jar
14a24000-14a26000 r--s 0000d000 08:0a 395426     /home/anonymous/.m2/repository/org/codehaus/plexus/plexus-interpolation/1.13/plexus-interpolation-1.13.jar
14a26000-14a28000 r--s 00006000 08:0a 6283       /home/anonymous/.m2/repository/org/apache/maven/shared/maven-common-artifact-filters/1.3/maven-common-artifact-filters-1.3.jar
14a28000-14a2a000 r--s 00002000 08:0a 6281       /home/anonymous/.m2/repository/org/sonatype/plexus/plexus-cipher/1.4/plexus-cipher-1.4.jar
14a2a000-14a2b000 r--s 00006000 08:0a 395719     /home/anonymous/.m2/repository/org/sonatype/plexus/plexus-sec-dispatcher/1.3/plexus-sec-dispatcher-1.3.jar
14a2b000-14a33000 r--s 00049000 08:0a 6280       /home/anonymous/.m2/repository/backport-util-concurrent/backport-util-concurrent/3.1/backport-util-concurrent-3.1.jar
14a33000-14a35000 r--s 00002000 08:0a 395418     /home/anonymous/.m2/repository/org/codehaus/plexus/plexus-interactivity-api/1.0-alpha-4/plexus-interactivity-api-1.0-alpha-4.jar
14a35000-14a37000 r--s 00009000 08:0a 6279       /home/anonymous/.m2/repository/commons-cli/commons-cli/1.2/commons-cli-1.2.jar
14a37000-14a38000 r--s 00002000 08:0a 395714     /home/anonymous/.m2/repository/org/apache/maven/doxia/doxia-logging-api/1.1/doxia-logging-api-1.1.jar
14a38000-14a3a000 r--s 00002000 08:0a 395712     /home/anonymous/.m2/repository/org/apache/maven/doxia/doxia-sink-api/1.1/doxia-sink-api-1.1.jar
14a3a000-14a3b000 r--s 00002000 08:0a 395708     /home/anonymous/.m2/repository/org/apache/maven/reporting/maven-reporting-api/2.2.1/maven-reporting-api-2.2.1.jar
14a3b000-14a3d000 r--s 00003000 08:0a 395715     /home/anonymous/.m2/repository/org/slf4j/jcl-over-slf4j/1.5.6/jcl-over-slf4j-1.5.6.jar
14a3d000-14a3f000 r--s 00004000 08:0a 395711     /home/anonymous/.m2/repository/org/slf4j/slf4j-api/1.5.6/slf4j-api-1.5.6.jar
14a3f000-14a41000 r--s 00001000 08:0a 395707     /home/anonymous/.m2/repository/org/slf4j/slf4j-jdk14/1.5.6/slf4j-jdk14-1.5.6.jar
14a41000-14a45000 r--s 00032000 08:0a 11401      /home/anonymous/.m2/repository/org/apache/maven/plugins/maven-assembly-plugin/2.2/maven-assembly-plugin-2.2.jar
14a45000-14a48000 r--s 0002f000 08:0a 399087     /home/anonymous/.m2/repository/org/codehaus/plexus/plexus-utils/1.4.7/plexus-utils-1.4.7.jar
14a48000-14a4b000 r--s 00020000 08:0a 399085     /home/anonymous/.m2/repository/org/codehaus/plexus/plexus-archiver/1.0-alpha-7/plexus-archiver-1.0-alpha-7.jar
14a4b000-14a4e000 r--s 0001b000 08:0a 395414     /home/anonymous/.m2/repository/junit/junit/3.8.1/junit-3.8.1.jar
14a4e000-14a50000 r--s 00002000 08:0a 399083     /home/anonymous/.m2/repository/org/apache/maven/shared/maven-osgi/0.2.0/maven-osgi-0.2.0.jar
14a50000-14a52000 r--s 00007000 08:0a 399082     /home/anonymous/.m2/repository/org/apache/maven/shared/maven-dependency-tree/1.1/maven-dependency-tree-1.1.jar
14a52000-14a53000 r--s 00002000 08:0a 399079     /home/anonymous/.m2/repository/org/apache/maven/maven-archiver/2.2/maven-archiver-2.2.jar
14a53000-14a54000 r--s 00002000 08:0a 399078     /home/anonymous/.m2/repository/org/apache/felix/org.osgi.service.obr/1.0.1/org.osgi.service.obr-1.0.1.jar
14a54000-14a56000 r--s 0000d000 08:0a 399076     /home/anonymous/.m2/repository/org/apache/felix/org.osgi.core/1.0.0/org.osgi.core-1.0.0.jar
14a56000-14a57000 r--s 00001000 08:0a 11385      /home/anonymous/.m2/repository/xmlpull/xmlpull/1.1.3.1/xmlpull-1.1.3.1.jar
14a57000-14a5a000 r--s 00025000 08:0a 399077     /home/anonymous/.m2/repository/biz/aQute/bndlib/0.0.255/bndlib-0.0.255.jar
14a5a000-14a5d000 r--s 00025000 08:0a 399075     /home/anonymous/.m2/repository/org/apache/felix/maven-bundle-plugin/1.4.3/maven-bundle-plugin-1.4.3.jar
14a5d000-14a5e000 r--p 00000000 00:00 0 
14a5e000-14a61000 ---p 00000000 00:00 0 
14a61000-14aaf000 rw-p 00000000 00:00 0          [stack:12346]
14aaf000-14ab2000 ---p 00000000 00:00 0 
14ab2000-14b00000 rw-p 00000000 00:00 0          [stack:11876]
14b00000-14bfd000 rw-p 00000000 00:00 0 
14bfd000-14c00000 ---p 00000000 00:00 0 
14c00000-14c01000 r--s 00002000 08:0a 389742     /home/anonymous/.m2/repository/org/codehaus/plexus/plexus-interactivity-api/1.0-alpha-6/plexus-interactivity-api-1.0-alpha-6.jar
14c01000-14c03000 r--s 00005000 08:0a 389741     /home/anonymous/.m2/repository/org/apache/maven/wagon/wagon-ssh-common/1.0-beta-7/wagon-ssh-common-1.0-beta-7.jar
14c03000-14c0b000 r-xp 00000000 08:09 535700     /usr/lib/jvm/java-6-openjdk-i386/jre/lib/i386/libnio.so
14c0b000-14c0c000 r--p 00007000 08:09 535700     /usr/lib/jvm/java-6-openjdk-i386/jre/lib/i386/libnio.so
14c0c000-14c0d000 rw-p 00008000 08:09 535700     /usr/lib/jvm/java-6-openjdk-i386/jre/lib/i386/libnio.so
14c0d000-14c22000 r-xp 00000000 08:09 535711     /usr/lib/jvm/java-6-openjdk-i386/jre/lib/i386/libnet.so
14c22000-14c23000 r--p 00014000 08:09 535711     /usr/lib/jvm/java-6-openjdk-i386/jre/lib/i386/libnet.so
14c23000-14c24000 rw-p 00015000 08:09 535711     /usr/lib/jvm/java-6-openjdk-i386/jre/lib/i386/libnet.so
14c24000-14c32000 r--s 00351000 08:09 535676     /usr/lib/jvm/java-6-openjdk-common/jre/lib/charsets.jar
14c32000-14c38000 r--s 000fc000 08:09 535683     /usr/lib/jvm/java-6-openjdk-common/jre/lib/resources.jar
14c38000-14c3e000 r--s 0002a000 08:0a 140051     /home/anonymous/workspace/opennms-1.10.8-1/maven/lib/sisu-inject-plexus-2.1.1.jar
14c3e000-14c44000 r--s 0003f000 08:0a 140057     /home/anonymous/workspace/opennms-1.10.8-1/maven/lib/maven-compat-3.0.3.jar
14c44000-14c45000 ---p 00000000 00:00 0 
14c45000-14cc5000 rw-p 00000000 00:00 0          [stack:11875]
14cc5000-14cc8000 ---p 00000000 00:00 0 
14cc8000-14d16000 rw-p 00000000 00:00 0          [stack:11874]
14d16000-14d19000 ---p 00000000 00:00 0 
14d19000-14d97000 rw-p 00000000 00:00 0          [stack:11873]
14d97000-14d9a000 ---p 00000000 00:00 0 
14d9a000-14e18000 rw-p 00000000 00:00 0          [stack:11872]
14e18000-15018000 r--p 00000000 08:09 533091     /usr/lib/locale/locale-archive
15018000-1501b000 ---p 00000000 00:00 0 
1501b000-15069000 rw-p 00000000 00:00 0          [stack:11870]
15069000-1506c000 ---p 00000000 00:00 0 
1506c000-150ba000 rw-p 00000000 00:00 0          [stack:11869]
150ba000-150bb000 ---p 00000000 00:00 0 
150bb000-1516e000 rw-p 00000000 00:00 0          [stack:11868]
1516e000-15300000 r--s 037d5000 08:09 535691     /usr/lib/jvm/java-6-openjdk-i386/jre/lib/rt.jar
15300000-153fa000 rw-p 00000000 00:00 0 
153fa000-15400000 ---p 00000000 00:00 0 
15400000-15401000 r--s 0000a000 08:0a 11384      /home/anonymous/.m2/repository/net/sf/kxml/kxml2/2.2.2/kxml2-2.2.2.jar
15401000-15404000 r--s 0002c000 08:0a 389740     /home/anonymous/.m2/repository/org/codehaus/plexus/plexus-utils/1.4.2/plexus-utils-1.4.2.jar
15404000-15408000 r--s 0001a000 08:0a 140076     /home/anonymous/workspace/opennms-1.10.8-1/maven/lib/aether-util-1.11.jar
15408000-1540a000 r--s 0000b000 08:0a 140050     /home/anonymous/workspace/opennms-1.10.8-1/maven/lib/wagon-provider-api-1.0-beta-7.jar
1540a000-15416000 r--s 0006b000 08:0a 140063     /home/anonymous/workspace/opennms-1.10.8-1/maven/lib/sisu-guice-2.9.4-no_aop.jar
15416000-15418000 r--s 00008000 08:0a 140066     /home/anonymous/workspace/opennms-1.10.8-1/maven/lib/xercesMinimal-1.9.6.2.jar
15418000-1541a000 r--s 00005000 08:0a 140071     /home/anonymous/workspace/opennms-1.10.8-1/maven/lib/wagon-http-shared-1.0-beta-7.jar
1541a000-1541c000 r--s 0000d000 08:0a 140056     /home/anonymous/workspace/opennms-1.10.8-1/maven/lib/plexus-interpolation-1.14.jar
1541c000-1541f000 r--s 00019000 08:0a 140049     /home/anonymous/workspace/opennms-1.10.8-1/maven/lib/nekohtml-1.9.6.2.jar
1541f000-15420000 r--s 00003000 08:0a 140068     /home/anonymous/workspace/opennms-1.10.8-1/maven/lib/wagon-http-lightweight-1.0-beta-7.jar
15420000-15422000 r--s 0000c000 08:0a 140052     /home/anonymous/workspace/opennms-1.10.8-1/maven/lib/maven-aether-provider-3.0.3.jar
15422000-15423000 r--s 00002000 08:0a 140065     /home/anonymous/workspace/opennms-1.10.8-1/maven/lib/wagon-file-1.0-beta-7.jar
15423000-15428000 r--s 00020000 08:0a 140047     /home/anonymous/workspace/opennms-1.10.8-1/maven/lib/maven-model-builder-3.0.3.jar
15428000-1542c000 r--s 00012000 08:0a 140072     /home/anonymous/workspace/opennms-1.10.8-1/maven/lib/aether-api-1.11.jar
1542c000-1542e000 r--s 0000b000 08:0a 140054     /home/anonymous/workspace/opennms-1.10.8-1/maven/lib/maven-artifact-3.0.3.jar
1542e000-15431000 ---p 00000000 00:00 0 
15431000-1547f000 rw-p 00000000 00:00 0          [stack:11871]
1547f000-15480000 ---p 00000000 00:00 0 
15480000-15500000 rw-p 00000000 00:00 0          [stack:11867]
15500000-15575000 rw-p 00000000 00:00 0 
15575000-15600000 ---p 00000000 00:00 0 
15600000-15601000 r--s 00003000 08:0a 389739     /home/anonymous/.m2/repository/org/apache/maven/wagon/wagon-ssh-external/1.0-beta-7/wagon-ssh-external-1.0-beta-7.jar
15601000-15607000 r--s 00033000 08:0a 140067     /home/anonymous/workspace/opennms-1.10.8-1/maven/lib/sisu-inject-bean-2.1.1.jar
15607000-1560a000 r--s 00008000 08:0a 140061     /home/anonymous/workspace/opennms-1.10.8-1/maven/lib/maven-settings-builder-3.0.3.jar
1560a000-1560e000 r--s 00033000 08:0a 140069     /home/anonymous/workspace/opennms-1.10.8-1/maven/lib/plexus-utils-2.0.6.jar
1560e000-15610000 r--s 00006000 08:0a 140064     /home/anonymous/workspace/opennms-1.10.8-1/maven/lib/aether-connector-wagon-1.11.jar
15610000-15612000 r--s 00002000 08:0a 140048     /home/anonymous/workspace/opennms-1.10.8-1/maven/lib/plexus-cipher-1.4.jar
15612000-1561d000 r--s 0007d000 08:0a 140055     /home/anonymous/workspace/opennms-1.10.8-1/maven/lib/maven-core-3.0.3.jar
1561d000-1561f000 r--s 0000a000 08:0a 140073     /home/anonymous/workspace/opennms-1.10.8-1/maven/lib/maven-settings-3.0.3.jar
1561f000-15621000 r--s 00000000 08:0a 140070     /home/anonymous/workspace/opennms-1.10.8-1/maven/lib/plexus-component-annotations-1.5.5.jar
15621000-15623000 r--s 0000b000 08:0a 140045     /home/anonymous/workspace/opennms-1.10.8-1/maven/lib/maven-plugin-api-3.0.3.jar
15623000-15626000 r--s 0001c000 08:0a 140075     /home/anonymous/workspace/opennms-1.10.8-1/maven/lib/aether-impl-1.11.jar
15626000-15628000 r--s 00009000 08:0a 140044     /home/anonymous/workspace/opennms-1.10.8-1/maven/lib/commons-cli-1.2.jar
15628000-15629000 ---p 00000000 00:00 0 
15629000-157a9000 rw-p 00000000 00:00 0          [stack:11866]
157a9000-158a9000 rw-p 00000000 00:00 0 
158a9000-1592d000 rw-p 00000000 00:00 0 
1592d000-159ff000 rw-p 00000000 00:00 0 
159ff000-15aff000 rw-p 00000000 00:00 0 
15aff000-15bff000 rw-p 00000000 00:00 0 
15bff000-15c83000 rw-p 00000000 00:00 0 
15c83000-15d54000 rw-p 00000000 00:00 0 
15d54000-15dff000 rw-p 00000000 00:00 0 
15dff000-35e00000 rw-p 00000000 00:00 0 
35e00000-55e00000 rw-p 00000000 00:00 0 
55e00000-66500000 rw-p 00000000 00:00 0 
66500000-808b0000 rw-p 00000000 00:00 0 
808b0000-95e00000 rw-p 00000000 00:00 0 
95e00000-95e38000 rw-p 00000000 00:00 0 
95e38000-96600000 rw-p 00000000 00:00 0 
96600000-973e8000 rwxp 00000000 00:00 0 
973e8000-b6700000 rw-p 00000000 00:00 0 
b6700000-b6701000 r--s 00003000 08:0a 140074     /home/anonymous/workspace/opennms-1.10.8-1/maven/lib/aether-spi-1.11.jar
b6701000-b6703000 r--s 00026000 08:0a 140058     /home/anonymous/workspace/opennms-1.10.8-1/maven/lib/maven-model-3.0.3.jar
b6703000-b6705000 r--s 00006000 08:0a 140053     /home/anonymous/workspace/opennms-1.10.8-1/maven/lib/maven-repository-metadata-3.0.3.jar
b6705000-b6706000 r--s 00006000 08:0a 140046     /home/anonymous/workspace/opennms-1.10.8-1/maven/lib/plexus-sec-dispatcher-1.3.jar
b6706000-b6707000 r--s 0000a000 08:0a 140062     /home/anonymous/workspace/opennms-1.10.8-1/maven/lib/maven-embedder-3.0.3.jar
b6707000-b670a000 r--s 0007f000 08:09 535661     /usr/lib/jvm/java-6-openjdk-common/jre/lib/jsse.jar
b670a000-b670c000 r--s 0000a000 08:0a 140078     /home/anonymous/workspace/opennms-1.10.8-1/maven/boot/plexus-classworlds-2.4.jar
b670c000-b670e000 r--s 00001000 08:09 535681     /usr/lib/jvm/java-6-openjdk-common/jre/lib/ext/dnsns.jar
b670e000-b6711000 r--s 00077000 08:09 535682     /usr/lib/jvm/java-6-openjdk-common/jre/lib/ext/localedata.jar
b6711000-b6715000 r--s 00039000 08:09 535680     /usr/lib/jvm/java-6-openjdk-common/jre/lib/ext/sunpkcs11.jar
b6715000-b6720000 r-xp 00000000 08:09 393517     /lib/i386-linux-gnu/libnss_files-2.15.so
b6720000-b6721000 r--p 0000a000 08:09 393517     /lib/i386-linux-gnu/libnss_files-2.15.so
b6721000-b6722000 rw-p 0000b000 08:09 393517     /lib/i386-linux-gnu/libnss_files-2.15.so
b6722000-b672c000 r-xp 00000000 08:09 393521     /lib/i386-linux-gnu/libnss_nis-2.15.so
b672c000-b672d000 r--p 00009000 08:09 393521     /lib/i386-linux-gnu/libnss_nis-2.15.so
b672d000-b672e000 rw-p 0000a000 08:09 393521     /lib/i386-linux-gnu/libnss_nis-2.15.so
b672e000-b6744000 r-xp 00000000 08:09 393511     /lib/i386-linux-gnu/libnsl-2.15.so
b6744000-b6745000 r--p 00015000 08:09 393511     /lib/i386-linux-gnu/libnsl-2.15.so
b6745000-b6746000 rw-p 00016000 08:09 393511     /lib/i386-linux-gnu/libnsl-2.15.so
b6746000-b6748000 rw-p 00000000 00:00 0 
b6748000-b674f000 r-xp 00000000 08:09 393513     /lib/i386-linux-gnu/libnss_compat-2.15.so
b674f000-b6750000 r--p 00006000 08:09 393513     /lib/i386-linux-gnu/libnss_compat-2.15.so
b6750000-b6751000 rw-p 00007000 08:09 393513     /lib/i386-linux-gnu/libnss_compat-2.15.so
b6751000-b6753000 r--s 0000f000 08:09 535679     /usr/lib/jvm/java-6-openjdk-common/jre/lib/ext/pulse-java.jar
b6753000-b6754000 r--s 00007000 08:09 38781      /usr/share/java/java-atk-wrapper.jar
b6754000-b675b000 r-xp 00000000 08:09 535698     /usr/lib/jvm/java-6-openjdk-i386/jre/lib/i386/libzip.so
b675b000-b675c000 r--p 00006000 08:09 535698     /usr/lib/jvm/java-6-openjdk-i386/jre/lib/i386/libzip.so
b675c000-b675d000 rw-p 00007000 08:09 535698     /usr/lib/jvm/java-6-openjdk-i386/jre/lib/i386/libzip.so
b675d000-b6765000 rw-s 00000000 08:09 408399     /tmp/hsperfdata_anonymous/11860
b6765000-b678b000 r-xp 00000000 08:09 535697     /usr/lib/jvm/java-6-openjdk-i386/jre/lib/i386/libjava.so
b678b000-b678c000 r--p 00025000 08:09 535697     /usr/lib/jvm/java-6-openjdk-i386/jre/lib/i386/libjava.so
b678c000-b678e000 rw-p 00026000 08:09 535697     /usr/lib/jvm/java-6-openjdk-i386/jre/lib/i386/libjava.so
b678e000-b6795000 r-xp 00000000 08:09 393552     /lib/i386-linux-gnu/librt-2.15.so
b6795000-b6796000 r--p 00006000 08:09 393552     /lib/i386-linux-gnu/librt-2.15.so
b6796000-b6797000 rw-p 00007000 08:09 393552     /lib/i386-linux-gnu/librt-2.15.so
b6797000-b679a000 ---p 00000000 00:00 0 
b679a000-b67e8000 rw-p 00000000 00:00 0          [stack:11865]
b67e8000-b6804000 r-xp 00000000 08:09 393487     /lib/i386-linux-gnu/libgcc_s.so.1
b6804000-b6805000 r--p 0001b000 08:09 393487     /lib/i386-linux-gnu/libgcc_s.so.1
b6805000-b6806000 rw-p 0001c000 08:09 393487     /lib/i386-linux-gnu/libgcc_s.so.1
b6806000-b6830000 r-xp 00000000 08:09 393498     /lib/i386-linux-gnu/libm-2.15.so
b6830000-b6831000 r--p 00029000 08:09 393498     /lib/i386-linux-gnu/libm-2.15.so
b6831000-b6832000 rw-p 0002a000 08:09 393498     /lib/i386-linux-gnu/libm-2.15.so
b6832000-b690a000 r-xp 00000000 08:09 529433     /usr/lib/i386-linux-gnu/libstdc++.so.6.0.16
b690a000-b690b000 ---p 000d8000 08:09 529433     /usr/lib/i386-linux-gnu/libstdc++.so.6.0.16
b690b000-b690f000 r--p 000d8000 08:09 529433     /usr/lib/i386-linux-gnu/libstdc++.so.6.0.16
b690f000-b6910000 rw-p 000dc000 08:09 529433     /usr/lib/i386-linux-gnu/libstdc++.so.6.0.16
b6910000-b6917000 rw-p 00000000 00:00 0 
b6917000-b7136000 r-xp 00000000 08:09 535715     /usr/lib/jvm/java-6-openjdk-i386/jre/lib/i386/server/libjvm.so
b7136000-b7137000 ---p 0081f000 08:09 535715     /usr/lib/jvm/java-6-openjdk-i386/jre/lib/i386/server/libjvm.so
b7137000-b717c000 r--p 0081f000 08:09 535715     /usr/lib/jvm/java-6-openjdk-i386/jre/lib/i386/server/libjvm.so
b717c000-b718b000 rw-p 00864000 08:09 535715     /usr/lib/jvm/java-6-openjdk-i386/jre/lib/i386/server/libjvm.so
b718b000-b75a7000 rw-p 00000000 00:00 0 
b75a7000-b75bb000 r-xp 00000000 08:09 393577     /lib/i386-linux-gnu/libz.so.1.2.3.4
b75bb000-b75bc000 r--p 00013000 08:09 393577     /lib/i386-linux-gnu/libz.so.1.2.3.4
b75bc000-b75bd000 rw-p 00014000 08:09 393577     /lib/i386-linux-gnu/libz.so.1.2.3.4
b75bd000-b7760000 r-xp 00000000 08:09 393466     /lib/i386-linux-gnu/libc-2.15.so
b7760000-b7761000 ---p 001a3000 08:09 393466     /lib/i386-linux-gnu/libc-2.15.so
b7761000-b7763000 r--p 001a3000 08:09 393466     /lib/i386-linux-gnu/libc-2.15.so
b7763000-b7764000 rw-p 001a5000 08:09 393466     /lib/i386-linux-gnu/libc-2.15.so
b7764000-b7767000 rw-p 00000000 00:00 0 
b7767000-b776a000 r-xp 00000000 08:09 393479     /lib/i386-linux-gnu/libdl-2.15.so
b776a000-b776b000 r--p 00002000 08:09 393479     /lib/i386-linux-gnu/libdl-2.15.so
b776b000-b776c000 rw-p 00003000 08:09 393479     /lib/i386-linux-gnu/libdl-2.15.so
b776c000-b7770000 r-xp 00000000 08:09 535732     /usr/lib/jvm/java-6-openjdk-i386/jre/lib/i386/jli/libjli.so
b7770000-b7771000 r--p 00003000 08:09 535732     /usr/lib/jvm/java-6-openjdk-i386/jre/lib/i386/jli/libjli.so
b7771000-b7772000 rw-p 00004000 08:09 535732     /usr/lib/jvm/java-6-openjdk-i386/jre/lib/i386/jli/libjli.so
b7772000-b7773000 rw-p 00000000 00:00 0 
b7773000-b778a000 r-xp 00000000 08:09 393546     /lib/i386-linux-gnu/libpthread-2.15.so
b778a000-b778b000 r--p 00016000 08:09 393546     /lib/i386-linux-gnu/libpthread-2.15.so
b778b000-b778c000 rw-p 00017000 08:09 393546     /lib/i386-linux-gnu/libpthread-2.15.so
b778c000-b778e000 rw-p 00000000 00:00 0 
b778e000-b7791000 r--s 00031000 08:09 535678     /usr/lib/jvm/java-6-openjdk-common/jre/lib/ext/sunjce_provider.jar
b7791000-b7792000 r--p 005db000 08:09 533091     /usr/lib/locale/locale-archive
b7792000-b7793000 rw-p 00000000 00:00 0 
b7793000-b7794000 ---p 00000000 00:00 0 
b7794000-b779f000 r-xp 00000000 08:09 535729     /usr/lib/jvm/java-6-openjdk-i386/jre/lib/i386/libverify.so
b779f000-b77a0000 ---p 0000b000 08:09 535729     /usr/lib/jvm/java-6-openjdk-i386/jre/lib/i386/libverify.so
b77a0000-b77a1000 r--p 0000b000 08:09 535729     /usr/lib/jvm/java-6-openjdk-i386/jre/lib/i386/libverify.so
b77a1000-b77a2000 rw-p 0000c000 08:09 535729     /usr/lib/jvm/java-6-openjdk-i386/jre/lib/i386/libverify.so
b77a2000-b77a4000 rw-p 00000000 00:00 0 
b77a4000-b77a5000 r-xp 00000000 00:00 0          [vdso]
b77a5000-b77c5000 r-xp 00000000 08:09 393446     /lib/i386-linux-gnu/ld-2.15.so
b77c5000-b77c6000 r--p 0001f000 08:09 393446     /lib/i386-linux-gnu/ld-2.15.so
b77c6000-b77c7000 rw-p 00020000 08:09 393446     /lib/i386-linux-gnu/ld-2.15.so
b7800000-b78f9000 rw-p 00000000 00:00 0 
b78f9000-b7900000 ---p 00000000 00:00 0 
b7900000-b79f1000 rw-p 00000000 00:00 0 
b79f1000-b7a00000 ---p 00000000 00:00 0 
b7a00000-b7af9000 rw-p 00000000 00:00 0 
b7af9000-b7b00000 ---p 00000000 00:00 0 
b7b00000-b7bf9000 rw-p 00000000 00:00 0 
b7bf9000-b7c00000 ---p 00000000 00:00 0 
b7c00000-b7cf9000 rw-p 00000000 00:00 0 
b7cf9000-b7d00000 ---p 00000000 00:00 0 
b7d00000-b7df9000 rw-p 00000000 00:00 0 
b7df9000-b7e00000 ---p 00000000 00:00 0 
b7e00000-b7ef1000 rw-p 00000000 00:00 0 
b7ef1000-b7f00000 ---p 00000000 00:00 0 
b7f00000-b7ff9000 rw-p 00000000 00:00 0 
b7ff9000-b8000000 ---p 00000000 00:00 0 
b8000000-b80f9000 rw-p 00000000 00:00 0 
b80f9000-b8100000 ---p 00000000 00:00 0 
b8100000-b81f9000 rw-p 00000000 00:00 0 
b81f9000-b8200000 ---p 00000000 00:00 0 
b8200000-b82f1000 rw-p 00000000 00:00 0 
b82f1000-b8300000 ---p 00000000 00:00 0 
b8300000-b83f1000 rw-p 00000000 00:00 0 
b83f1000-b8400000 ---p 00000000 00:00 0 
b8400000-b84f1000 rw-p 00000000 00:00 0 
b84f1000-b8500000 ---p 00000000 00:00 0 
b8500000-b85f1000 rw-p 00000000 00:00 0 
b85f1000-b8600000 ---p 00000000 00:00 0 
b8600000-b86f1000 rw-p 00000000 00:00 0 
b86f1000-b8700000 ---p 00000000 00:00 0 
b8700000-b87f1000 rw-p 00000000 00:00 0 
b87f1000-b8800000 ---p 00000000 00:00 0 
b8800000-b88f9000 rw-p 00000000 00:00 0 
b88f9000-b8900000 ---p 00000000 00:00 0 
b8900000-b89f1000 rw-p 00000000 00:00 0 
b89f1000-b8a00000 ---p 00000000 00:00 0 
b8a00000-b8af1000 rw-p 00000000 00:00 0 
b8af1000-b8b00000 ---p 00000000 00:00 0 
b8b00000-b8bf1000 rw-p 00000000 00:00 0 
b8bf1000-b8c00000 ---p 00000000 00:00 0 
b8c00000-b8cf1000 rw-p 00000000 00:00 0 
b8cf1000-b8d00000 ---p 00000000 00:00 0 
b8d00000-b8df1000 rw-p 00000000 00:00 0 
b8df1000-b8e00000 ---p 00000000 00:00 0 
b8e00000-b8ef1000 rw-p 00000000 00:00 0 
b8ef1000-b8f00000 ---p 00000000 00:00 0 
b8f00000-b8ff1000 rw-p 00000000 00:00 0 
b8ff1000-b9000000 ---p 00000000 00:00 0 
b9000000-b90f1000 rw-p 00000000 00:00 0 
b90f1000-b9100000 ---p 00000000 00:00 0 
b9100000-b91f9000 rw-p 00000000 00:00 0 
b91f9000-b9200000 ---p 00000000 00:00 0 
b9200000-b92f9000 rw-p 00000000 00:00 0 
b92f9000-b9300000 ---p 00000000 00:00 0 
b9300000-b93f9000 rw-p 00000000 00:00 0 
b93f9000-b9400000 ---p 00000000 00:00 0 
b9400000-b94f9000 rw-p 00000000 00:00 0 
b94f9000-b9500000 ---p 00000000 00:00 0 
b9500000-b95f1000 rw-p 00000000 00:00 0 
b95f1000-b9600000 ---p 00000000 00:00 0 
b9600000-b96f1000 rw-p 00000000 00:00 0 
b96f1000-b9700000 ---p 00000000 00:00 0 
b9700000-b97f1000 rw-p 00000000 00:00 0 
b97f1000-b9800000 ---p 00000000 00:00 0 
b9800000-b98f9000 rw-p 00000000 00:00 0 
b98f9000-b9900000 ---p 00000000 00:00 0 
b9900000-b99f9000 rw-p 00000000 00:00 0 
b99f9000-b9a00000 ---p 00000000 00:00 0 
b9a00000-b9af9000 rw-p 00000000 00:00 0 
b9af9000-b9b00000 ---p 00000000 00:00 0 
b9b00000-b9bf9000 rw-p 00000000 00:00 0 
b9bf9000-b9c00000 ---p 00000000 00:00 0 
b9c00000-b9cf1000 rw-p 00000000 00:00 0 
b9cf1000-b9d00000 ---p 00000000 00:00 0 
b9d00000-b9df1000 rw-p 00000000 00:00 0 
b9df1000-b9e00000 ---p 00000000 00:00 0 
b9e00000-b9ef1000 rw-p 00000000 00:00 0 
b9ef1000-b9f00000 ---p 00000000 00:00 0 
b9f00000-b9ff1000 rw-p 00000000 00:00 0 
b9ff1000-ba000000 ---p 00000000 00:00 0 
ba000000-ba0f1000 rw-p 00000000 00:00 0 
ba0f1000-ba100000 ---p 00000000 00:00 0 
ba100000-ba1f1000 rw-p 00000000 00:00 0 
ba1f1000-ba200000 ---p 00000000 00:00 0 
ba200000-ba2f9000 rw-p 00000000 00:00 0 
ba2f9000-ba300000 ---p 00000000 00:00 0 
ba300000-ba3f9000 rw-p 00000000 00:00 0 
ba3f9000-ba400000 ---p 00000000 00:00 0 
ba400000-ba4f9000 rw-p 00000000 00:00 0 
ba4f9000-ba500000 ---p 00000000 00:00 0 
ba500000-ba5f9000 rw-p 00000000 00:00 0 
ba5f9000-ba600000 ---p 00000000 00:00 0 
ba600000-ba6f1000 rw-p 00000000 00:00 0 
ba6f1000-ba700000 ---p 00000000 00:00 0 
ba700000-ba7f1000 rw-p 00000000 00:00 0 
ba7f1000-ba800000 ---p 00000000 00:00 0 
ba800000-ba8f1000 rw-p 00000000 00:00 0 
ba8f1000-ba900000 ---p 00000000 00:00 0 
ba900000-ba9f1000 rw-p 00000000 00:00 0 
ba9f1000-baa00000 ---p 00000000 00:00 0 
baa00000-baaf1000 rw-p 00000000 00:00 0 
baaf1000-bab00000 ---p 00000000 00:00 0 
bab00000-babf1000 rw-p 00000000 00:00 0 
babf1000-bac00000 ---p 00000000 00:00 0 
bac00000-bacf1000 rw-p 00000000 00:00 0 
bacf1000-bad00000 ---p 00000000 00:00 0 
bad00000-badf1000 rw-p 00000000 00:00 0 
badf1000-bae00000 ---p 00000000 00:00 0 
bae00000-baef1000 rw-p 00000000 00:00 0 
baef1000-baf00000 ---p 00000000 00:00 0 
baf00000-baff1000 rw-p 00000000 00:00 0 
baff1000-bb000000 ---p 00000000 00:00 0 
bb000000-bb0f1000 rw-p 00000000 00:00 0 
bb0f1000-bb100000 ---p 00000000 00:00 0 
bb100000-bb1f1000 rw-p 00000000 00:00 0 
bb1f1000-bb200000 ---p 00000000 00:00 0 
bb200000-bb2f1000 rw-p 00000000 00:00 0 
bb2f1000-bb300000 ---p 00000000 00:00 0 
bb300000-bb3f1000 rw-p 00000000 00:00 0 
bb3f1000-bb400000 ---p 00000000 00:00 0 
bb400000-bb4f1000 rw-p 00000000 00:00 0 
bb4f1000-bb500000 ---p 00000000 00:00 0 
bb500000-bb5f1000 rw-p 00000000 00:00 0 
bb5f1000-bb600000 ---p 00000000 00:00 0 
bb600000-bb6f1000 rw-p 00000000 00:00 0 
bb6f1000-bb700000 ---p 00000000 00:00 0 
bb700000-bb7f1000 rw-p 00000000 00:00 0 
bb7f1000-bb800000 ---p 00000000 00:00 0 
bb800000-bb8f1000 rw-p 00000000 00:00 0 
bb8f1000-bb900000 ---p 00000000 00:00 0 
bb900000-bb9f1000 rw-p 00000000 00:00 0 
bb9f1000-bba00000 ---p 00000000 00:00 0 
bba00000-bbaf1000 rw-p 00000000 00:00 0 
bbaf1000-bbb00000 ---p 00000000 00:00 0 
bbb00000-bbbf1000 rw-p 00000000 00:00 0 
bbbf1000-bbc00000 ---p 00000000 00:00 0 
bbc00000-bbcf1000 rw-p 00000000 00:00 0 
bbcf1000-bbd00000 ---p 00000000 00:00 0 
bbd00000-bbdf1000 rw-p 00000000 00:00 0 
bbdf1000-bbe00000 ---p 00000000 00:00 0 
bbe00000-bbef1000 rw-p 00000000 00:00 0 
bbef1000-bbf00000 ---p 00000000 00:00 0 
bbf00000-bbff1000 rw-p 00000000 00:00 0 
bbff1000-bc000000 ---p 00000000 00:00 0 
bc000000-bc0f1000 rw-p 00000000 00:00 0 
bc0f1000-bc100000 ---p 00000000 00:00 0 
bc100000-bc1f1000 rw-p 00000000 00:00 0 
bc1f1000-bc200000 ---p 00000000 00:00 0 
bc200000-bc2f1000 rw-p 00000000 00:00 0 
bc2f1000-bc300000 ---p 00000000 00:00 0 
bc300000-bc3f1000 rw-p 00000000 00:00 0 
bc3f1000-bc400000 ---p 00000000 00:00 0 
bc400000-bc4f1000 rw-p 00000000 00:00 0 
bc4f1000-bc500000 ---p 00000000 00:00 0 
bc500000-bc5f1000 rw-p 00000000 00:00 0 
bc5f1000-bc600000 ---p 00000000 00:00 0 
bc600000-bc6f1000 rw-p 00000000 00:00 0 
bc6f1000-bc700000 ---p 00000000 00:00 0 
bc700000-bc7f1000 rw-p 00000000 00:00 0 
bc7f1000-bc800000 ---p 00000000 00:00 0 
bc800000-bc8f1000 rw-p 00000000 00:00 0 
bc8f1000-bc900000 ---p 00000000 00:00 0 
bc900000-bc9f1000 rw-p 00000000 00:00 0 
bc9f1000-bca00000 ---p 00000000 00:00 0 
bca00000-bcaf1000 rw-p 00000000 00:00 0 
bcaf1000-bcb00000 ---p 00000000 00:00 0 
bcb00000-bcbf1000 rw-p 00000000 00:00 0 
bcbf1000-bcc00000 ---p 00000000 00:00 0 
bcc00000-bccf1000 rw-p 00000000 00:00 0 
bccf1000-bcd00000 ---p 00000000 00:00 0 
bcd00000-bcef1000 rw-p 00000000 00:00 0 
bcef1000-bcf00000 ---p 00000000 00:00 0 
bcf00000-bcff1000 rw-p 00000000 00:00 0 
bcff1000-bd000000 ---p 00000000 00:00 0 
bd000000-bd0f1000 rw-p 00000000 00:00 0 
bd0f1000-bd100000 ---p 00000000 00:00 0 
bd100000-bd1f9000 rw-p 00000000 00:00 0 
bd1f9000-bd200000 ---p 00000000 00:00 0 
bd200000-bd2f1000 rw-p 00000000 00:00 0 
bd2f1000-bd300000 ---p 00000000 00:00 0 
bd300000-bd3f1000 rw-p 00000000 00:00 0 
bd3f1000-bd400000 ---p 00000000 00:00 0 
bd400000-bd4f1000 rw-p 00000000 00:00 0 
bd4f1000-bd500000 ---p 00000000 00:00 0 
bd500000-bd5f1000 rw-p 00000000 00:00 0 
bd5f1000-bd600000 ---p 00000000 00:00 0 
bd600000-bd6f1000 rw-p 00000000 00:00 0 
bd6f1000-bd700000 ---p 00000000 00:00 0 
bd700000-bd7f1000 rw-p 00000000 00:00 0 
bd7f1000-bd800000 ---p 00000000 00:00 0 
bd800000-bd8f1000 rw-p 00000000 00:00 0 
bd8f1000-bd900000 ---p 00000000 00:00 0 
bd900000-bd9f1000 rw-p 00000000 00:00 0 
bd9f1000-bda00000 ---p 00000000 00:00 0 
bda00000-bdaf1000 rw-p 00000000 00:00 0 
bdaf1000-bdb00000 ---p 00000000 00:00 0 
bdb00000-bdbf1000 rw-p 00000000 00:00 0 
bdbf1000-bdc00000 ---p 00000000 00:00 0 
bdc00000-bdcf1000 rw-p 00000000 00:00 0 
bdcf1000-bdd00000 ---p 00000000 00:00 0 
bdd00000-bddf1000 rw-p 00000000 00:00 0 
bddf1000-bde00000 ---p 00000000 00:00 0 
bde00000-bdef9000 rw-p 00000000 00:00 0 
bdef9000-bdf00000 ---p 00000000 00:00 0 
bdf00000-bdff1000 rw-p 00000000 00:00 0 
bdff1000-be000000 ---p 00000000 00:00 0 
be000000-be0f1000 rw-p 00000000 00:00 0 
be0f1000-be100000 ---p 00000000 00:00 0 
be100000-be1f1000 rw-p 00000000 00:00 0 
be1f1000-be200000 ---p 00000000 00:00 0 
be200000-be2f1000 rw-p 00000000 00:00 0 
be2f1000-be300000 ---p 00000000 00:00 0 
be300000-be3f1000 rw-p 00000000 00:00 0 
be3f1000-be400000 ---p 00000000 00:00 0 
be400000-be4f1000 rw-p 00000000 00:00 0 
be4f1000-be500000 ---p 00000000 00:00 0 
be500000-be5f1000 rw-p 00000000 00:00 0 
be5f1000-be600000 ---p 00000000 00:00 0 
be600000-be6f1000 rw-p 00000000 00:00 0 
be6f1000-be700000 ---p 00000000 00:00 0 
be700000-be7f1000 rw-p 00000000 00:00 0 
be7f1000-be800000 ---p 00000000 00:00 0 
be800000-be8f1000 rw-p 00000000 00:00 0 
be8f1000-be900000 ---p 00000000 00:00 0 
be900000-be9f1000 rw-p 00000000 00:00 0 
be9f1000-bea00000 ---p 00000000 00:00 0 
bea00000-beaf9000 rw-p 00000000 00:00 0 
beaf9000-beb00000 ---p 00000000 00:00 0 
beb00000-bebf1000 rw-p 00000000 00:00 0 
bebf1000-bec00000 ---p 00000000 00:00 0 
bec00000-becf1000 rw-p 00000000 00:00 0 
becf1000-bed00000 ---p 00000000 00:00 0 
bed00000-bedf1000 rw-p 00000000 00:00 0 
bedf1000-bee00000 ---p 00000000 00:00 0 
bee00000-beef1000 rw-p 00000000 00:00 0 
beef1000-bef00000 ---p 00000000 00:00 0 
bef00000-beff1000 rw-p 00000000 00:00 0 
beff1000-bf000000 ---p 00000000 00:00 0 
bf000000-bf0f1000 rw-p 00000000 00:00 0 
bf0f1000-bf100000 ---p 00000000 00:00 0 
bf100000-bf1f1000 rw-p 00000000 00:00 0 
bf1f1000-bf200000 ---p 00000000 00:00 0 
bf200000-bf2f1000 rw-p 00000000 00:00 0 
bf2f1000-bf300000 ---p 00000000 00:00 0 
bf300000-bf3f1000 rw-p 00000000 00:00 0 
bf3f1000-bf400000 ---p 00000000 00:00 0 
bf400000-bf4f1000 rw-p 00000000 00:00 0 
bf4f1000-bf500000 ---p 00000000 00:00 0 
bf500000-bf5f1000 rw-p 00000000 00:00 0 
bf5f1000-bf600000 ---p 00000000 00:00 0 
bf600000-bf6f1000 rw-p 00000000 00:00 0 
bf6f1000-bf700000 ---p 00000000 00:00 0 
bf700000-bf7f1000 rw-p 00000000 00:00 0 
bf7f1000-bf800000 ---p 00000000 00:00 0 
bf800000-bf8f1000 rw-p 00000000 00:00 0 
bf8f1000-bf900000 ---p 00000000 00:00 0 
bf900000-bf9f1000 rw-p 00000000 00:00 0 
bf9f1000-bfa00000 ---p 00000000 00:00 0 
bfa00000-bfaf1000 rw-p 00000000 00:00 0 
bfaf1000-bfb00000 ---p 00000000 00:00 0 
bfb05000-bfb26000 rw-p 00000000 00:00 0          [stack]
bfc00000-bfcf1000 rw-p 00000000 00:00 0 
bfcf1000-bfd00000 ---p 00000000 00:00 0 
bfd00000-bfdf1000 rw-p 00000000 00:00 0 
bfdf1000-bfe00000 ---p 00000000 00:00 0 
bfe00000-bfef1000 rw-p 00000000 00:00 0 
bfef1000-bff00000 ---p 00000000 00:00 0 
bff00000-bfff9000 rw-p 00000000 00:00 0 
bfff9000-c0000000 ---p 00000000 00:00 0 

VM Arguments:
jvm_args: -XX:PermSize=512m -XX:MaxPermSize=1g -Xmx1g -XX:ReservedCodeCacheSize=512m -Dclassworlds.conf=/home/anonymous/workspace/opennms-1.10.8-1/maven/bin/m2.conf -Dmaven.home=/home/anonymous/workspace/opennms-1.10.8-1/maven 
java_command: org.codehaus.plexus.classworlds.launcher.Launcher -Dbuild.profile=default -Droot.dir=/home/anonymous/workspace/opennms-1.10.8-1 -Dmaven.metadata.legacy=true -Djava.awt.headless=true -Dmaven.test.skip.exec=true install
Launcher Type: SUN_STANDARD

Environment Variables:
JAVA_HOME=/usr/lib/jvm/java-6-openjdk-i386/
PATH=/usr/lib/lightdm/lightdm:/usr/local/sbin:/usr/local/bin:/usr/sbin:/usr/bin:/sbin:/bin:/usr/games
LD_LIBRARY_PATH=/usr/lib/jvm/java-6-openjdk-i386/jre/lib/i386/server:/usr/lib/jvm/java-6-openjdk-i386/jre/lib/i386:/usr/lib/jvm/java-6-openjdk-i386/jre/../lib/i386
SHELL=/bin/bash
DISPLAY=:0

Signal Handlers:
SIGSEGV: [libjvm.so+0x66b360], sa_mask[0]=0x7ffbfeff, sa_flags=0x10000004
SIGBUS: [libjvm.so+0x66b360], sa_mask[0]=0x7ffbfeff, sa_flags=0x10000004
SIGFPE: [libjvm.so+0x52e900], sa_mask[0]=0x7ffbfeff, sa_flags=0x10000004
SIGPIPE: [libjvm.so+0x52e900], sa_mask[0]=0x7ffbfeff, sa_flags=0x10000004
SIGXFSZ: [libjvm.so+0x52e900], sa_mask[0]=0x7ffbfeff, sa_flags=0x10000004
SIGILL: [libjvm.so+0x52e900], sa_mask[0]=0x7ffbfeff, sa_flags=0x10000004
SIGUSR1: SIG_DFL, sa_mask[0]=0x00000000, sa_flags=0x00000000
SIGUSR2: [libjvm.so+0x52e790], sa_mask[0]=0x00000000, sa_flags=0x10000004
SIGHUP: [libjvm.so+0x531830], sa_mask[0]=0x7ffbfeff, sa_flags=0x10000004
SIGINT: [libjvm.so+0x531830], sa_mask[0]=0x7ffbfeff, sa_flags=0x10000004
SIGTERM: [libjvm.so+0x531830], sa_mask[0]=0x7ffbfeff, sa_flags=0x10000004
SIGQUIT: [libjvm.so+0x531830], sa_mask[0]=0x7ffbfeff, sa_flags=0x10000004


---------------  S Y S T E M  ---------------

OS:Ubuntu 12.04 (precise)
uname:Linux 3.5.0-26-generic #42~precise1-Ubuntu SMP Mon Mar 11 22:19:42 UTC 2013 i686
libc:glibc 2.15 NPTL 2.15 
rlimit: STACK 8192k, CORE 0k, NPROC 15715, NOFILE 4096, AS infinity
load average:2.58 3.41 2.14

/proc/meminfo:
MemTotal:        2027476 kB
MemFree:          214116 kB
Buffers:           22868 kB
Cached:           435864 kB
SwapCached:         3900 kB
Active:          1319040 kB
Inactive:         415728 kB
Active(anon):    1166320 kB
Inactive(anon):   262320 kB
Active(file):     152720 kB
Inactive(file):   153408 kB
Unevictable:           0 kB
Mlocked:               0 kB
HighTotal:       1145604 kB
HighFree:          16460 kB
LowTotal:         881872 kB
LowFree:          197656 kB
SwapTotal:       4168832 kB
SwapFree:        4045692 kB
Dirty:              2184 kB
Writeback:             0 kB
AnonPages:       1272524 kB
Mapped:            41200 kB
Shmem:            152540 kB
Slab:              47664 kB
SReclaimable:      31888 kB
SUnreclaim:        15776 kB
KernelStack:        2784 kB
PageTables:         8468 kB
NFS_Unstable:          0 kB
Bounce:                0 kB
WritebackTmp:          0 kB
CommitLimit:     5182568 kB
Committed_AS:    3431248 kB
VmallocTotal:     122880 kB
VmallocUsed:       17060 kB
VmallocChunk:     102732 kB
HardwareCorrupted:     0 kB
AnonHugePages:         0 kB
HugePages_Total:       0
HugePages_Free:        0
HugePages_Rsvd:        0
HugePages_Surp:        0
Hugepagesize:       2048 kB
DirectMap4k:       10232 kB
DirectMap2M:      903168 kB


CPU:total 2 (2 cores per cpu, 1 threads per core) family 6 model 23 stepping 10, cmov, cx8, fxsr, mmx, sse, sse2, sse3, ssse3

Memory: 4k page, physical 2027476k(214116k free), swap 4168832k(4045692k free)

vm_info: OpenJDK Server VM (20.0-b12) for linux-x86 JRE (1.6.0_27-b27), built on Mar  5 2013 00:35:40 by "buildd" with gcc 4.6.3

time: Sun Mar 31 21:40:19 2013
elapsed time: 256 seconds

